2026-01-12 14:21:39 - inventory_app - INFO - main.py:15 - Database tables created successfully
2026-01-12 14:21:40 - inventory_app - INFO - main.py:35 - Application starting up...
2026-01-12 14:21:40 - inventory_app - INFO - main.py:36 - Database URL: sqlite:///./inventory.db
2026-01-12 14:21:59 - inventory_app - INFO - items.py:124 - Found 4 low stock items
2026-01-12 14:21:59 - inventory_app - INFO - categories.py:23 - Retrieved 5 categories
2026-01-12 14:21:59 - inventory_app - INFO - items.py:62 - Retrieved 50 items (page 1, total 59)
2026-01-12 14:21:59 - inventory_app - INFO - items.py:124 - Found 4 low stock items
2026-01-12 14:21:59 - inventory_app - INFO - categories.py:23 - Retrieved 5 categories
2026-01-12 14:21:59 - inventory_app - INFO - items.py:62 - Retrieved 50 items (page 1, total 59)
2026-01-12 14:22:00 - inventory_app - INFO - categories.py:23 - Retrieved 5 categories
2026-01-12 14:22:00 - inventory_app - INFO - items.py:62 - Retrieved 50 items (page 1, total 59)
2026-01-12 14:22:00 - inventory_app - INFO - categories.py:23 - Retrieved 5 categories
2026-01-12 14:22:00 - inventory_app - INFO - items.py:62 - Retrieved 50 items (page 1, total 59)
2026-01-12 14:22:02 - inventory_app - INFO - categories.py:23 - Retrieved 5 categories
2026-01-12 14:22:02 - inventory_app - INFO - items.py:62 - Retrieved 50 items (page 1, total 59)
2026-01-12 14:22:02 - inventory_app - INFO - categories.py:23 - Retrieved 5 categories
2026-01-12 14:22:02 - inventory_app - INFO - items.py:62 - Retrieved 50 items (page 1, total 59)
2026-01-12 14:22:03 - inventory_app - INFO - categories.py:23 - Retrieved 5 categories
2026-01-12 14:22:03 - inventory_app - INFO - categories.py:23 - Retrieved 5 categories
2026-01-12 14:22:03 - inventory_app - INFO - items.py:62 - Retrieved 50 items (page 1, total 59)
2026-01-12 14:22:03 - inventory_app - INFO - items.py:62 - Retrieved 50 items (page 1, total 59)
2026-01-12 14:22:03 - inventory_app - INFO - categories.py:23 - Retrieved 5 categories
2026-01-12 14:22:03 - inventory_app - INFO - items.py:62 - Retrieved 50 items (page 1, total 59)
2026-01-12 14:22:03 - inventory_app - INFO - categories.py:23 - Retrieved 5 categories
2026-01-12 14:22:03 - inventory_app - INFO - items.py:62 - Retrieved 50 items (page 1, total 59)
2026-01-12 14:22:08 - inventory_app - INFO - categories.py:23 - Retrieved 5 categories
2026-01-12 14:22:08 - inventory_app - INFO - items.py:62 - Retrieved 50 items (page 1, total 59)
2026-01-12 14:22:08 - inventory_app - INFO - categories.py:23 - Retrieved 5 categories
2026-01-12 14:22:08 - inventory_app - INFO - items.py:62 - Retrieved 50 items (page 1, total 59)
2026-01-12 14:22:09 - inventory_app - INFO - categories.py:23 - Retrieved 5 categories
2026-01-12 14:22:09 - inventory_app - INFO - items.py:124 - Found 4 low stock items
2026-01-12 14:22:09 - inventory_app - INFO - items.py:62 - Retrieved 50 items (page 1, total 59)
2026-01-12 14:22:09 - inventory_app - INFO - categories.py:23 - Retrieved 5 categories
2026-01-12 14:22:09 - inventory_app - INFO - items.py:124 - Found 4 low stock items
2026-01-12 14:22:09 - inventory_app - INFO - items.py:62 - Retrieved 50 items (page 1, total 59)
2026-01-12 14:22:14 - inventory_app - INFO - items.py:124 - Found 4 low stock items
2026-01-12 14:22:14 - inventory_app - INFO - categories.py:23 - Retrieved 5 categories
2026-01-12 14:22:14 - inventory_app - INFO - items.py:62 - Retrieved 50 items (page 1, total 59)
2026-01-12 14:22:14 - inventory_app - INFO - categories.py:23 - Retrieved 5 categories
2026-01-12 14:22:14 - inventory_app - INFO - items.py:124 - Found 4 low stock items
2026-01-12 14:22:14 - inventory_app - INFO - items.py:62 - Retrieved 50 items (page 1, total 59)
2026-01-12 14:22:15 - inventory_app - INFO - items.py:124 - Found 4 low stock items
2026-01-12 14:22:15 - inventory_app - INFO - categories.py:23 - Retrieved 5 categories
2026-01-12 14:22:15 - inventory_app - INFO - items.py:62 - Retrieved 50 items (page 1, total 59)
2026-01-12 14:22:15 - inventory_app - INFO - items.py:124 - Found 4 low stock items
2026-01-12 14:22:15 - inventory_app - INFO - categories.py:23 - Retrieved 5 categories
2026-01-12 14:22:15 - inventory_app - INFO - items.py:62 - Retrieved 50 items (page 1, total 59)
2026-01-12 14:22:15 - inventory_app - INFO - items.py:124 - Found 4 low stock items
2026-01-12 14:22:15 - inventory_app - INFO - categories.py:23 - Retrieved 5 categories
2026-01-12 14:22:15 - inventory_app - INFO - categories.py:23 - Retrieved 5 categories
2026-01-12 14:22:15 - inventory_app - INFO - items.py:62 - Retrieved 50 items (page 1, total 59)
2026-01-12 14:22:15 - inventory_app - INFO - items.py:124 - Found 4 low stock items
2026-01-12 14:22:15 - inventory_app - INFO - items.py:62 - Retrieved 50 items (page 1, total 59)
2026-01-12 14:22:15 - inventory_app - INFO - items.py:124 - Found 4 low stock items
2026-01-12 14:22:15 - inventory_app - INFO - categories.py:23 - Retrieved 5 categories
2026-01-12 14:22:15 - inventory_app - INFO - items.py:124 - Found 4 low stock items
2026-01-12 14:22:15 - inventory_app - INFO - categories.py:23 - Retrieved 5 categories
2026-01-12 14:22:15 - inventory_app - INFO - items.py:62 - Retrieved 50 items (page 1, total 59)
2026-01-12 14:22:15 - inventory_app - INFO - items.py:62 - Retrieved 50 items (page 1, total 59)
2026-01-12 14:22:21 - inventory_app - INFO - items.py:124 - Found 4 low stock items
2026-01-12 14:22:21 - inventory_app - INFO - items.py:124 - Found 4 low stock items
2026-01-12 14:22:24 - inventory_app - INFO - items.py:124 - Found 4 low stock items
2026-01-12 14:22:24 - inventory_app - INFO - categories.py:23 - Retrieved 5 categories
2026-01-12 14:22:24 - inventory_app - INFO - items.py:62 - Retrieved 50 items (page 1, total 59)
2026-01-12 14:22:24 - inventory_app - INFO - categories.py:23 - Retrieved 5 categories
2026-01-12 14:22:24 - inventory_app - INFO - items.py:124 - Found 4 low stock items
2026-01-12 14:22:24 - inventory_app - INFO - items.py:62 - Retrieved 50 items (page 1, total 59)
2026-01-12 14:22:39 - inventory_app - INFO - items.py:124 - Found 4 low stock items
2026-01-12 14:22:39 - inventory_app - INFO - categories.py:23 - Retrieved 5 categories
2026-01-12 14:22:39 - inventory_app - INFO - items.py:124 - Found 4 low stock items
2026-01-12 14:22:39 - inventory_app - INFO - categories.py:23 - Retrieved 5 categories
2026-01-12 14:22:39 - inventory_app - INFO - items.py:62 - Retrieved 50 items (page 1, total 59)
2026-01-12 14:22:39 - inventory_app - INFO - items.py:62 - Retrieved 50 items (page 1, total 59)
2026-01-12 14:22:50 - inventory_app - INFO - categories.py:23 - Retrieved 5 categories
2026-01-12 14:22:50 - inventory_app - INFO - categories.py:23 - Retrieved 5 categories
2026-01-12 14:22:50 - inventory_app - INFO - items.py:62 - Retrieved 50 items (page 1, total 59)
2026-01-12 14:22:50 - inventory_app - INFO - items.py:62 - Retrieved 50 items (page 1, total 59)
2026-01-12 14:22:53 - inventory_app - INFO - categories.py:23 - Retrieved 5 categories
2026-01-12 14:22:53 - inventory_app - INFO - categories.py:23 - Retrieved 5 categories
2026-01-12 14:22:53 - inventory_app - INFO - items.py:62 - Retrieved 50 items (page 1, total 59)
2026-01-12 14:22:53 - inventory_app - INFO - items.py:62 - Retrieved 50 items (page 1, total 59)
2026-01-12 14:22:54 - inventory_app - INFO - categories.py:23 - Retrieved 5 categories
2026-01-12 14:22:54 - inventory_app - INFO - categories.py:23 - Retrieved 5 categories
2026-01-12 14:22:54 - inventory_app - INFO - items.py:62 - Retrieved 50 items (page 1, total 59)
2026-01-12 14:22:54 - inventory_app - INFO - items.py:62 - Retrieved 50 items (page 1, total 59)
2026-01-12 14:22:54 - inventory_app - INFO - categories.py:23 - Retrieved 5 categories
2026-01-12 14:22:54 - inventory_app - INFO - categories.py:23 - Retrieved 5 categories
2026-01-12 14:22:54 - inventory_app - INFO - items.py:62 - Retrieved 50 items (page 1, total 59)
2026-01-12 14:22:54 - inventory_app - INFO - items.py:62 - Retrieved 50 items (page 1, total 59)
2026-01-12 14:22:54 - inventory_app - INFO - categories.py:23 - Retrieved 5 categories
2026-01-12 14:22:54 - inventory_app - INFO - items.py:62 - Retrieved 50 items (page 1, total 59)
2026-01-12 14:22:54 - inventory_app - INFO - categories.py:23 - Retrieved 5 categories
2026-01-12 14:22:54 - inventory_app - INFO - items.py:62 - Retrieved 50 items (page 1, total 59)
2026-01-12 14:22:54 - inventory_app - INFO - categories.py:23 - Retrieved 5 categories
2026-01-12 14:22:54 - inventory_app - INFO - items.py:62 - Retrieved 50 items (page 1, total 59)
2026-01-12 14:22:54 - inventory_app - INFO - categories.py:23 - Retrieved 5 categories
2026-01-12 14:22:54 - inventory_app - INFO - items.py:62 - Retrieved 50 items (page 1, total 59)
2026-01-12 14:22:55 - inventory_app - INFO - categories.py:23 - Retrieved 5 categories
2026-01-12 14:22:55 - inventory_app - INFO - categories.py:23 - Retrieved 5 categories
2026-01-12 14:22:55 - inventory_app - INFO - items.py:62 - Retrieved 50 items (page 1, total 59)
2026-01-12 14:22:55 - inventory_app - INFO - items.py:62 - Retrieved 50 items (page 1, total 59)
2026-01-12 14:22:55 - inventory_app - INFO - categories.py:23 - Retrieved 5 categories
2026-01-12 14:22:55 - inventory_app - INFO - categories.py:23 - Retrieved 5 categories
2026-01-12 14:22:55 - inventory_app - INFO - items.py:62 - Retrieved 50 items (page 1, total 59)
2026-01-12 14:22:55 - inventory_app - INFO - items.py:62 - Retrieved 50 items (page 1, total 59)
2026-01-12 14:22:55 - inventory_app - INFO - categories.py:23 - Retrieved 5 categories
2026-01-12 14:22:55 - inventory_app - INFO - items.py:62 - Retrieved 50 items (page 1, total 59)
2026-01-12 14:22:55 - inventory_app - INFO - categories.py:23 - Retrieved 5 categories
2026-01-12 14:22:55 - inventory_app - INFO - items.py:62 - Retrieved 50 items (page 1, total 59)
2026-01-12 14:22:55 - inventory_app - INFO - items.py:62 - Retrieved 50 items (page 1, total 59)
2026-01-12 14:22:55 - inventory_app - INFO - categories.py:23 - Retrieved 5 categories
2026-01-12 14:22:55 - inventory_app - INFO - categories.py:23 - Retrieved 5 categories
2026-01-12 14:22:55 - inventory_app - INFO - items.py:62 - Retrieved 50 items (page 1, total 59)
2026-01-12 14:22:55 - inventory_app - INFO - categories.py:23 - Retrieved 5 categories
2026-01-12 14:22:55 - inventory_app - INFO - items.py:62 - Retrieved 50 items (page 1, total 59)
2026-01-12 14:22:55 - inventory_app - INFO - categories.py:23 - Retrieved 5 categories
2026-01-12 14:22:55 - inventory_app - INFO - items.py:62 - Retrieved 50 items (page 1, total 59)
2026-01-12 14:22:55 - inventory_app - INFO - categories.py:23 - Retrieved 5 categories
2026-01-12 14:22:55 - inventory_app - INFO - items.py:62 - Retrieved 50 items (page 1, total 59)
2026-01-12 14:22:55 - inventory_app - INFO - categories.py:23 - Retrieved 5 categories
2026-01-12 14:22:55 - inventory_app - INFO - items.py:62 - Retrieved 50 items (page 1, total 59)
2026-01-12 14:22:55 - inventory_app - INFO - categories.py:23 - Retrieved 5 categories
2026-01-12 14:22:55 - inventory_app - INFO - items.py:62 - Retrieved 50 items (page 1, total 59)
2026-01-12 14:22:55 - inventory_app - INFO - categories.py:23 - Retrieved 5 categories
2026-01-12 14:22:55 - inventory_app - INFO - items.py:62 - Retrieved 50 items (page 1, total 59)
2026-01-12 14:22:56 - inventory_app - INFO - categories.py:23 - Retrieved 5 categories
2026-01-12 14:22:56 - inventory_app - INFO - categories.py:23 - Retrieved 5 categories
2026-01-12 14:22:56 - inventory_app - INFO - items.py:62 - Retrieved 50 items (page 1, total 59)
2026-01-12 14:22:56 - inventory_app - INFO - items.py:62 - Retrieved 50 items (page 1, total 59)
2026-01-12 14:22:56 - inventory_app - INFO - categories.py:23 - Retrieved 5 categories
2026-01-12 14:22:56 - inventory_app - INFO - items.py:62 - Retrieved 50 items (page 1, total 59)
2026-01-12 14:22:56 - inventory_app - INFO - categories.py:23 - Retrieved 5 categories
2026-01-12 14:22:56 - inventory_app - INFO - items.py:62 - Retrieved 50 items (page 1, total 59)
2026-01-12 14:22:56 - inventory_app - INFO - categories.py:23 - Retrieved 5 categories
2026-01-12 14:22:56 - inventory_app - INFO - categories.py:23 - Retrieved 5 categories
2026-01-12 14:22:56 - inventory_app - INFO - items.py:62 - Retrieved 50 items (page 1, total 59)
2026-01-12 14:22:56 - inventory_app - INFO - items.py:62 - Retrieved 50 items (page 1, total 59)
2026-01-12 14:22:56 - inventory_app - INFO - categories.py:23 - Retrieved 5 categories
2026-01-12 14:22:56 - inventory_app - INFO - categories.py:23 - Retrieved 5 categories
2026-01-12 14:22:56 - inventory_app - INFO - items.py:62 - Retrieved 50 items (page 1, total 59)
2026-01-12 14:22:56 - inventory_app - INFO - items.py:62 - Retrieved 50 items (page 1, total 59)
2026-01-12 14:22:56 - inventory_app - INFO - categories.py:23 - Retrieved 5 categories
2026-01-12 14:22:56 - inventory_app - INFO - items.py:62 - Retrieved 50 items (page 1, total 59)
2026-01-12 14:22:56 - inventory_app - INFO - categories.py:23 - Retrieved 5 categories
2026-01-12 14:22:56 - inventory_app - INFO - items.py:62 - Retrieved 50 items (page 1, total 59)
2026-01-12 14:22:56 - inventory_app - INFO - categories.py:23 - Retrieved 5 categories
2026-01-12 14:22:56 - inventory_app - INFO - items.py:62 - Retrieved 50 items (page 1, total 59)
2026-01-12 14:22:56 - inventory_app - INFO - categories.py:23 - Retrieved 5 categories
2026-01-12 14:22:56 - inventory_app - INFO - items.py:62 - Retrieved 50 items (page 1, total 59)
2026-01-12 14:22:57 - inventory_app - INFO - categories.py:23 - Retrieved 5 categories
2026-01-12 14:22:57 - inventory_app - INFO - items.py:62 - Retrieved 50 items (page 1, total 59)
2026-01-12 14:22:57 - inventory_app - INFO - categories.py:23 - Retrieved 5 categories
2026-01-12 14:22:57 - inventory_app - INFO - items.py:62 - Retrieved 50 items (page 1, total 59)
2026-01-12 14:23:17 - inventory_app - INFO - items.py:124 - Found 4 low stock items
2026-01-12 14:23:17 - inventory_app - INFO - categories.py:23 - Retrieved 5 categories
2026-01-12 14:23:17 - inventory_app - INFO - categories.py:23 - Retrieved 5 categories
2026-01-12 14:23:17 - inventory_app - INFO - items.py:124 - Found 4 low stock items
2026-01-12 14:23:17 - inventory_app - INFO - items.py:62 - Retrieved 50 items (page 1, total 59)
2026-01-12 14:23:17 - inventory_app - INFO - items.py:62 - Retrieved 50 items (page 1, total 59)
2026-01-12 14:24:16 - inventory_app - INFO - items.py:124 - Found 4 low stock items
2026-01-12 14:24:16 - inventory_app - INFO - categories.py:23 - Retrieved 5 categories
2026-01-12 14:24:16 - inventory_app - INFO - items.py:62 - Retrieved 50 items (page 1, total 59)
2026-01-12 14:24:16 - inventory_app - INFO - items.py:124 - Found 4 low stock items
2026-01-12 14:24:16 - inventory_app - INFO - categories.py:23 - Retrieved 5 categories
2026-01-12 14:24:16 - inventory_app - INFO - items.py:62 - Retrieved 50 items (page 1, total 59)
2026-01-12 14:24:20 - inventory_app - INFO - categories.py:23 - Retrieved 5 categories
2026-01-12 14:24:20 - inventory_app - INFO - categories.py:23 - Retrieved 5 categories
2026-01-12 14:24:20 - inventory_app - INFO - items.py:62 - Retrieved 50 items (page 1, total 59)
2026-01-12 14:24:20 - inventory_app - INFO - items.py:62 - Retrieved 50 items (page 1, total 59)
2026-01-12 14:24:34 - inventory_app - INFO - items.py:62 - Retrieved 9 items (page 2, total 59)
2026-01-12 14:24:40 - inventory_app - INFO - items.py:62 - Retrieved 50 items (page 1, total 59)
2026-01-12 14:24:56 - inventory_app - INFO - audit_logger.py:53 - Audit log created: UPDATE on items (ID: 50)
2026-01-12 14:24:56 - inventory_app - INFO - items.py:248 - Updated item: PIN-SS-1.0 (ID: 50)
2026-01-12 14:24:56 - inventory_app - INFO - items.py:62 - Retrieved 50 items (page 1, total 59)
2026-01-12 14:26:10 - inventory_app - INFO - items.py:124 - Found 4 low stock items
2026-01-12 14:26:10 - inventory_app - INFO - categories.py:23 - Retrieved 5 categories
2026-01-12 14:26:10 - inventory_app - INFO - items.py:62 - Retrieved 50 items (page 1, total 59)
2026-01-12 14:26:10 - inventory_app - INFO - items.py:124 - Found 4 low stock items
2026-01-12 14:26:10 - inventory_app - INFO - categories.py:23 - Retrieved 5 categories
2026-01-12 14:26:10 - inventory_app - INFO - items.py:62 - Retrieved 50 items (page 1, total 59)
2026-01-12 14:26:15 - inventory_app - INFO - items.py:62 - Retrieved 50 items (page 1, total 59)
2026-01-12 14:26:15 - inventory_app - INFO - categories.py:23 - Retrieved 5 categories
2026-01-12 14:26:15 - inventory_app - INFO - categories.py:23 - Retrieved 5 categories
2026-01-12 14:26:15 - inventory_app - INFO - items.py:62 - Retrieved 50 items (page 1, total 59)
2026-01-12 14:26:41 - inventory_app - INFO - main.py:40 - Application shutting down...
2026-01-12 14:26:43 - inventory_app - INFO - main.py:15 - Database tables created successfully
2026-01-12 14:31:24 - inventory_app - INFO - main.py:15 - Database tables created successfully
2026-01-12 14:31:24 - inventory_app - INFO - main.py:35 - Application starting up...
2026-01-12 14:31:24 - inventory_app - INFO - main.py:36 - Database URL: sqlite:///./inventory.db
2026-01-12 14:31:24 - inventory_app - INFO - items.py:145 - Found 4 low stock items
2026-01-12 14:31:24 - inventory_app - INFO - items.py:145 - Found 4 low stock items
2026-01-12 14:31:24 - inventory_app - INFO - items.py:145 - Found 4 low stock items
2026-01-12 14:31:24 - inventory_app - INFO - items.py:145 - Found 4 low stock items
2026-01-12 14:31:24 - inventory_app - INFO - items.py:145 - Found 4 low stock items
2026-01-12 14:31:24 - inventory_app - INFO - items.py:145 - Found 4 low stock items
2026-01-12 14:31:24 - inventory_app - INFO - categories.py:23 - Retrieved 5 categories
2026-01-12 14:31:24 - inventory_app - INFO - items.py:83 - Retrieved 50 items (page 1, total 59)
2026-01-12 14:31:24 - inventory_app - INFO - items.py:83 - Retrieved 50 items (page 1, total 59)
2026-01-12 14:31:24 - inventory_app - INFO - categories.py:23 - Retrieved 5 categories
2026-01-12 14:31:24 - inventory_app - INFO - items.py:83 - Retrieved 50 items (page 1, total 59)
2026-01-12 14:31:24 - inventory_app - INFO - categories.py:23 - Retrieved 5 categories
2026-01-12 14:31:24 - inventory_app - INFO - items.py:83 - Retrieved 50 items (page 1, total 59)
2026-01-12 14:31:24 - inventory_app - INFO - categories.py:23 - Retrieved 5 categories
2026-01-12 14:31:24 - inventory_app - INFO - items.py:83 - Retrieved 50 items (page 1, total 59)
2026-01-12 14:31:24 - inventory_app - INFO - items.py:83 - Retrieved 50 items (page 1, total 59)
2026-01-12 14:31:24 - inventory_app - INFO - categories.py:23 - Retrieved 5 categories
2026-01-12 14:31:25 - inventory_app - INFO - items.py:83 - Retrieved 50 items (page 1, total 59)
2026-01-12 14:31:25 - inventory_app - INFO - items.py:83 - Retrieved 50 items (page 1, total 59)
2026-01-12 14:31:25 - inventory_app - INFO - categories.py:23 - Retrieved 5 categories
2026-01-12 14:31:25 - inventory_app - INFO - items.py:83 - Retrieved 50 items (page 1, total 59)
2026-01-12 14:31:25 - inventory_app - INFO - categories.py:23 - Retrieved 5 categories
2026-01-12 14:31:25 - inventory_app - INFO - items.py:83 - Retrieved 50 items (page 1, total 59)
2026-01-12 14:31:25 - inventory_app - INFO - items.py:83 - Retrieved 50 items (page 1, total 59)
2026-01-12 14:31:25 - inventory_app - INFO - categories.py:23 - Retrieved 5 categories
2026-01-12 14:31:25 - inventory_app - INFO - items.py:83 - Retrieved 50 items (page 1, total 59)
2026-01-12 14:31:25 - inventory_app - INFO - items.py:83 - Retrieved 50 items (page 1, total 59)
2026-01-12 14:31:25 - inventory_app - INFO - categories.py:23 - Retrieved 5 categories
2026-01-12 14:31:25 - inventory_app - INFO - categories.py:23 - Retrieved 5 categories
2026-01-12 14:31:25 - inventory_app - INFO - categories.py:23 - Retrieved 5 categories
2026-01-12 14:31:25 - inventory_app - INFO - categories.py:23 - Retrieved 5 categories
2026-01-12 14:31:25 - inventory_app - INFO - categories.py:23 - Retrieved 5 categories
2026-01-12 14:31:25 - inventory_app - INFO - categories.py:23 - Retrieved 5 categories
2026-01-12 14:31:25 - inventory_app - INFO - categories.py:23 - Retrieved 5 categories
2026-01-12 14:31:25 - inventory_app - INFO - categories.py:23 - Retrieved 5 categories
2026-01-12 14:31:25 - inventory_app - INFO - categories.py:23 - Retrieved 5 categories
2026-01-12 14:31:25 - inventory_app - INFO - categories.py:23 - Retrieved 5 categories
2026-01-12 14:31:25 - inventory_app - INFO - categories.py:23 - Retrieved 5 categories
2026-01-12 14:31:31 - inventory_app - INFO - items.py:83 - Retrieved 50 items (page 1, total 59)
2026-01-12 14:31:31 - inventory_app - INFO - categories.py:23 - Retrieved 5 categories
2026-01-12 14:31:31 - inventory_app - INFO - categories.py:23 - Retrieved 5 categories
2026-01-12 14:31:31 - inventory_app - INFO - items.py:83 - Retrieved 50 items (page 1, total 59)
2026-01-12 14:31:34 - inventory_app - INFO - items.py:83 - Retrieved 20 items (page 1, total 59)
2026-01-12 14:31:39 - inventory_app - INFO - items.py:83 - Retrieved 20 items (page 1, total 59)
2026-01-12 14:31:41 - inventory_app - INFO - items.py:83 - Retrieved 20 items (page 1, total 59)
2026-01-12 14:31:43 - inventory_app - INFO - items.py:83 - Retrieved 20 items (page 1, total 59)
2026-01-12 14:31:44 - inventory_app - INFO - items.py:83 - Retrieved 20 items (page 1, total 59)
2026-01-12 14:31:45 - inventory_app - INFO - items.py:83 - Retrieved 20 items (page 1, total 59)
2026-01-12 14:31:46 - inventory_app - INFO - items.py:83 - Retrieved 20 items (page 1, total 59)
2026-01-12 14:31:47 - inventory_app - INFO - items.py:83 - Retrieved 20 items (page 1, total 59)
2026-01-12 14:31:48 - inventory_app - INFO - items.py:83 - Retrieved 20 items (page 1, total 59)
2026-01-12 14:31:49 - inventory_app - INFO - items.py:83 - Retrieved 20 items (page 1, total 59)
2026-01-12 14:31:50 - inventory_app - INFO - items.py:83 - Retrieved 20 items (page 1, total 59)
2026-01-12 14:31:51 - inventory_app - INFO - items.py:83 - Retrieved 20 items (page 1, total 59)
2026-01-12 14:31:51 - inventory_app - INFO - items.py:83 - Retrieved 20 items (page 1, total 59)
2026-01-12 14:31:53 - inventory_app - INFO - items.py:83 - Retrieved 20 items (page 1, total 59)
2026-01-12 14:31:53 - inventory_app - INFO - items.py:83 - Retrieved 20 items (page 1, total 59)
2026-01-12 14:31:54 - inventory_app - INFO - items.py:83 - Retrieved 20 items (page 1, total 59)
2026-01-12 14:31:55 - inventory_app - INFO - items.py:83 - Retrieved 20 items (page 1, total 59)
2026-01-12 14:31:56 - inventory_app - INFO - items.py:83 - Retrieved 20 items (page 1, total 59)
2026-01-12 14:31:57 - inventory_app - INFO - items.py:83 - Retrieved 20 items (page 1, total 59)
2026-01-12 14:31:58 - inventory_app - INFO - items.py:83 - Retrieved 20 items (page 1, total 59)
2026-01-12 14:31:58 - inventory_app - INFO - items.py:83 - Retrieved 20 items (page 1, total 59)
2026-01-12 14:31:59 - inventory_app - INFO - items.py:83 - Retrieved 20 items (page 1, total 59)
2026-01-12 14:32:00 - inventory_app - INFO - items.py:83 - Retrieved 20 items (page 1, total 59)
2026-01-12 14:32:01 - inventory_app - INFO - items.py:83 - Retrieved 20 items (page 1, total 59)
2026-01-12 14:32:02 - inventory_app - INFO - items.py:83 - Retrieved 20 items (page 1, total 59)
2026-01-12 14:32:03 - inventory_app - INFO - items.py:83 - Retrieved 20 items (page 1, total 59)
2026-01-12 14:32:08 - inventory_app - INFO - items.py:83 - Retrieved 20 items (page 1, total 59)
2026-01-12 14:32:10 - inventory_app - INFO - items.py:83 - Retrieved 20 items (page 1, total 59)
2026-01-12 14:33:33 - inventory_app - INFO - items.py:83 - Retrieved 20 items (page 1, total 59)
2026-01-12 14:33:34 - inventory_app - INFO - items.py:83 - Retrieved 20 items (page 1, total 59)
2026-01-12 14:33:35 - inventory_app - INFO - items.py:83 - Retrieved 20 items (page 1, total 59)
2026-01-12 14:33:36 - inventory_app - INFO - items.py:83 - Retrieved 20 items (page 1, total 59)
2026-01-12 14:33:37 - inventory_app - INFO - items.py:83 - Retrieved 20 items (page 1, total 59)
2026-01-12 14:33:37 - inventory_app - INFO - items.py:83 - Retrieved 20 items (page 1, total 59)
2026-01-12 14:33:39 - inventory_app - INFO - items.py:83 - Retrieved 20 items (page 1, total 59)
2026-01-12 14:33:39 - inventory_app - INFO - items.py:83 - Retrieved 20 items (page 1, total 59)
2026-01-12 14:33:40 - inventory_app - INFO - items.py:83 - Retrieved 20 items (page 1, total 59)
2026-01-12 14:33:41 - inventory_app - INFO - items.py:83 - Retrieved 20 items (page 1, total 59)
2026-01-12 14:33:42 - inventory_app - INFO - items.py:83 - Retrieved 20 items (page 1, total 59)
2026-01-12 14:33:43 - inventory_app - INFO - items.py:83 - Retrieved 20 items (page 1, total 59)
2026-01-12 14:33:47 - inventory_app - INFO - items.py:83 - Retrieved 20 items (page 1, total 59)
2026-01-12 14:33:47 - inventory_app - INFO - items.py:83 - Retrieved 20 items (page 1, total 59)
2026-01-12 14:33:52 - inventory_app - INFO - items.py:83 - Retrieved 20 items (page 2, total 59)
2026-01-12 14:37:13 - inventory_app - INFO - main.py:40 - Application shutting down...
2026-01-12 14:37:15 - inventory_app - INFO - main.py:15 - Database tables created successfully
2026-01-12 14:37:28 - inventory_app - INFO - main.py:15 - Database tables created successfully
2026-01-12 14:37:58 - inventory_app - INFO - main.py:15 - Database tables created successfully
2026-01-12 14:41:10 - inventory_app - INFO - main.py:15 - Database tables created successfully
2026-01-12 14:45:21 - inventory_app - INFO - main.py:15 - Database tables created successfully
2026-01-12 14:45:25 - inventory_app - INFO - main.py:35 - Application starting up...
2026-01-12 14:45:25 - inventory_app - INFO - main.py:36 - Database URL: sqlite:///./inventory.db
2026-01-12 14:45:25 - inventory_app - INFO - categories.py:23 - Retrieved 5 categories
2026-01-12 14:45:25 - inventory_app - INFO - items.py:103 - Retrieved 50 items (page 1, total 59)
2026-01-12 14:45:25 - inventory_app - INFO - categories.py:23 - Retrieved 5 categories
2026-01-12 14:45:25 - inventory_app - INFO - items.py:103 - Retrieved 50 items (page 1, total 59)
2026-01-12 14:51:44 - inventory_app - INFO - items.py:103 - Retrieved 20 items (page 1, total 59)
2026-01-12 15:59:03 - inventory_app - INFO - items.py:103 - Retrieved 20 items (page 2, total 59)
2026-01-12 15:59:07 - inventory_app - INFO - items.py:103 - Retrieved 20 items (page 1, total 59)
2026-01-12 15:59:19 - inventory_app - INFO - items.py:306 - Found 4 low stock items
2026-01-12 15:59:19 - inventory_app - INFO - categories.py:23 - Retrieved 5 categories
2026-01-12 15:59:19 - inventory_app - INFO - items.py:103 - Retrieved 50 items (page 1, total 59)
2026-01-12 15:59:19 - inventory_app - INFO - items.py:306 - Found 4 low stock items
2026-01-12 15:59:19 - inventory_app - INFO - categories.py:23 - Retrieved 5 categories
2026-01-12 15:59:19 - inventory_app - INFO - items.py:103 - Retrieved 50 items (page 1, total 59)
2026-01-12 16:01:05 - inventory_app - INFO - items.py:306 - Found 4 low stock items
2026-01-12 16:01:05 - inventory_app - INFO - categories.py:23 - Retrieved 5 categories
2026-01-12 16:01:05 - inventory_app - INFO - items.py:103 - Retrieved 50 items (page 1, total 59)
2026-01-12 16:01:05 - inventory_app - INFO - categories.py:23 - Retrieved 5 categories
2026-01-12 16:01:05 - inventory_app - INFO - items.py:306 - Found 4 low stock items
2026-01-12 16:01:05 - inventory_app - INFO - items.py:103 - Retrieved 50 items (page 1, total 59)
2026-01-12 16:01:15 - inventory_app - INFO - categories.py:23 - Retrieved 5 categories
2026-01-12 16:01:15 - inventory_app - INFO - items.py:306 - Found 4 low stock items
2026-01-12 16:01:15 - inventory_app - INFO - categories.py:23 - Retrieved 5 categories
2026-01-12 16:01:15 - inventory_app - INFO - items.py:103 - Retrieved 50 items (page 1, total 59)
2026-01-12 16:01:15 - inventory_app - INFO - items.py:306 - Found 4 low stock items
2026-01-12 16:01:15 - inventory_app - INFO - items.py:103 - Retrieved 50 items (page 1, total 59)
2026-01-12 16:01:16 - inventory_app - INFO - categories.py:23 - Retrieved 5 categories
2026-01-12 16:01:16 - inventory_app - INFO - items.py:103 - Retrieved 50 items (page 1, total 59)
2026-01-12 16:01:16 - inventory_app - INFO - categories.py:23 - Retrieved 5 categories
2026-01-12 16:01:16 - inventory_app - INFO - items.py:103 - Retrieved 50 items (page 1, total 59)
2026-01-12 16:01:18 - inventory_app - INFO - items.py:306 - Found 4 low stock items
2026-01-12 16:01:18 - inventory_app - INFO - categories.py:23 - Retrieved 5 categories
2026-01-12 16:01:18 - inventory_app - INFO - items.py:103 - Retrieved 50 items (page 1, total 59)
2026-01-12 16:01:18 - inventory_app - INFO - items.py:306 - Found 4 low stock items
2026-01-12 16:01:18 - inventory_app - INFO - categories.py:23 - Retrieved 5 categories
2026-01-12 16:01:18 - inventory_app - INFO - items.py:103 - Retrieved 50 items (page 1, total 59)
2026-01-12 16:01:21 - inventory_app - INFO - items.py:306 - Found 4 low stock items
2026-01-12 16:01:21 - inventory_app - INFO - categories.py:23 - Retrieved 5 categories
2026-01-12 16:01:21 - inventory_app - INFO - items.py:103 - Retrieved 50 items (page 1, total 59)
2026-01-12 16:01:21 - inventory_app - INFO - categories.py:23 - Retrieved 5 categories
2026-01-12 16:01:21 - inventory_app - INFO - items.py:306 - Found 4 low stock items
2026-01-12 16:01:21 - inventory_app - INFO - items.py:103 - Retrieved 50 items (page 1, total 59)
2026-01-12 16:01:23 - inventory_app - INFO - categories.py:23 - Retrieved 5 categories
2026-01-12 16:01:23 - inventory_app - INFO - categories.py:23 - Retrieved 5 categories
2026-01-12 16:01:23 - inventory_app - INFO - items.py:103 - Retrieved 50 items (page 1, total 59)
2026-01-12 16:01:23 - inventory_app - INFO - items.py:103 - Retrieved 50 items (page 1, total 59)
2026-01-12 16:01:25 - inventory_app - INFO - categories.py:23 - Retrieved 5 categories
2026-01-12 16:01:25 - inventory_app - INFO - items.py:306 - Found 4 low stock items
2026-01-12 16:01:25 - inventory_app - INFO - categories.py:23 - Retrieved 5 categories
2026-01-12 16:01:25 - inventory_app - INFO - items.py:103 - Retrieved 50 items (page 1, total 59)
2026-01-12 16:01:25 - inventory_app - INFO - items.py:306 - Found 4 low stock items
2026-01-12 16:01:25 - inventory_app - INFO - items.py:103 - Retrieved 50 items (page 1, total 59)
2026-01-12 16:01:27 - inventory_app - INFO - categories.py:23 - Retrieved 5 categories
2026-01-12 16:01:27 - inventory_app - INFO - categories.py:23 - Retrieved 5 categories
2026-01-12 16:01:29 - inventory_app - INFO - items.py:306 - Found 4 low stock items
2026-01-12 16:01:29 - inventory_app - INFO - categories.py:23 - Retrieved 5 categories
2026-01-12 16:01:29 - inventory_app - INFO - items.py:103 - Retrieved 50 items (page 1, total 59)
2026-01-12 16:01:29 - inventory_app - INFO - categories.py:23 - Retrieved 5 categories
2026-01-12 16:01:29 - inventory_app - INFO - items.py:306 - Found 4 low stock items
2026-01-12 16:01:29 - inventory_app - INFO - items.py:103 - Retrieved 50 items (page 1, total 59)
2026-01-12 16:02:32 - inventory_app - INFO - items.py:306 - Found 4 low stock items
2026-01-12 16:02:32 - inventory_app - INFO - items.py:306 - Found 4 low stock items
2026-01-12 16:02:46 - inventory_app - INFO - categories.py:23 - Retrieved 5 categories
2026-01-12 16:02:46 - inventory_app - INFO - categories.py:23 - Retrieved 5 categories
2026-01-12 16:02:46 - inventory_app - INFO - items.py:103 - Retrieved 50 items (page 1, total 59)
2026-01-12 16:02:46 - inventory_app - INFO - items.py:103 - Retrieved 50 items (page 1, total 59)
2026-01-12 16:02:53 - inventory_app - INFO - items.py:103 - Retrieved 20 items (page 1, total 59)
2026-01-12 16:02:57 - inventory_app - INFO - categories.py:23 - Retrieved 5 categories
2026-01-12 16:02:58 - inventory_app - INFO - items.py:103 - Retrieved 6 items (page 1, total 6)
2026-01-12 16:03:09 - inventory_app - INFO - categories.py:23 - Retrieved 5 categories
2026-01-12 16:03:09 - inventory_app - INFO - categories.py:23 - Retrieved 5 categories
2026-01-12 16:03:15 - inventory_app - INFO - items.py:306 - Found 4 low stock items
2026-01-12 16:03:15 - inventory_app - INFO - items.py:306 - Found 4 low stock items
2026-01-12 16:03:15 - inventory_app - INFO - items.py:103 - Retrieved 50 items (page 1, total 59)
2026-01-12 16:03:15 - inventory_app - INFO - items.py:103 - Retrieved 50 items (page 1, total 59)
2026-01-12 16:03:37 - inventory_app - INFO - items.py:306 - Found 4 low stock items
2026-01-12 16:03:37 - inventory_app - INFO - categories.py:23 - Retrieved 5 categories
2026-01-12 16:03:37 - inventory_app - INFO - items.py:306 - Found 4 low stock items
2026-01-12 16:03:37 - inventory_app - INFO - categories.py:23 - Retrieved 5 categories
2026-01-12 16:03:37 - inventory_app - INFO - items.py:103 - Retrieved 50 items (page 1, total 59)
2026-01-12 16:03:37 - inventory_app - INFO - items.py:103 - Retrieved 50 items (page 1, total 59)
2026-01-12 16:03:39 - inventory_app - INFO - items.py:103 - Retrieved 50 items (page 1, total 59)
2026-01-12 16:03:39 - inventory_app - INFO - categories.py:23 - Retrieved 5 categories
2026-01-12 16:03:39 - inventory_app - INFO - items.py:103 - Retrieved 50 items (page 1, total 59)
2026-01-12 16:03:39 - inventory_app - INFO - categories.py:23 - Retrieved 5 categories
2026-01-12 16:13:10 - inventory_app - INFO - items.py:103 - Retrieved 50 items (page 1, total 59)
2026-01-12 16:13:14 - inventory_app - INFO - items.py:103 - Retrieved 50 items (page 1, total 53)
2026-01-12 16:13:15 - inventory_app - INFO - items.py:103 - Retrieved 50 items (page 1, total 59)
2026-01-12 16:13:21 - inventory_app - INFO - items.py:306 - Found 4 low stock items
2026-01-12 16:13:21 - inventory_app - INFO - categories.py:23 - Retrieved 5 categories
2026-01-12 16:13:21 - inventory_app - INFO - items.py:306 - Found 4 low stock items
2026-01-12 16:13:21 - inventory_app - INFO - items.py:103 - Retrieved 50 items (page 1, total 59)
2026-01-12 16:13:21 - inventory_app - INFO - categories.py:23 - Retrieved 5 categories
2026-01-12 16:13:21 - inventory_app - INFO - items.py:103 - Retrieved 50 items (page 1, total 59)
2026-01-12 16:13:22 - inventory_app - INFO - categories.py:23 - Retrieved 5 categories
2026-01-12 16:13:22 - inventory_app - INFO - categories.py:23 - Retrieved 5 categories
2026-01-12 16:13:24 - inventory_app - INFO - items.py:103 - Retrieved 50 items (page 1, total 59)
2026-01-12 16:13:30 - inventory_app - INFO - items.py:103 - Retrieved 50 items (page 1, total 59)
2026-01-12 16:13:35 - inventory_app - INFO - items.py:103 - Retrieved 50 items (page 1, total 59)
2026-01-12 16:13:53 - inventory_app - INFO - items.py:103 - Retrieved 39 items (page 1, total 39)
2026-01-12 16:13:53 - inventory_app - INFO - items.py:103 - Retrieved 22 items (page 1, total 22)
2026-01-12 16:13:53 - inventory_app - INFO - items.py:103 - Retrieved 4 items (page 1, total 4)
2026-01-12 16:13:53 - inventory_app - INFO - items.py:103 - Retrieved 4 items (page 1, total 4)
2026-01-12 16:13:57 - inventory_app - INFO - items.py:103 - Retrieved 4 items (page 1, total 4)
2026-01-12 16:13:57 - inventory_app - INFO - items.py:103 - Retrieved 22 items (page 1, total 22)
2026-01-12 16:13:57 - inventory_app - INFO - items.py:103 - Retrieved 39 items (page 1, total 39)
2026-01-12 16:13:57 - inventory_app - INFO - items.py:103 - Retrieved 50 items (page 1, total 59)
2026-01-12 16:14:19 - inventory_app - INFO - items.py:103 - Retrieved 39 items (page 1, total 39)
2026-01-12 16:14:19 - inventory_app - INFO - items.py:103 - Retrieved 22 items (page 1, total 22)
2026-01-12 16:14:21 - inventory_app - INFO - items.py:103 - Retrieved 39 items (page 1, total 39)
2026-01-12 16:14:21 - inventory_app - INFO - items.py:103 - Retrieved 50 items (page 1, total 59)
2026-01-12 16:14:53 - inventory_app - INFO - items.py:306 - Found 4 low stock items
2026-01-12 16:14:53 - inventory_app - INFO - categories.py:23 - Retrieved 5 categories
2026-01-12 16:14:53 - inventory_app - INFO - items.py:103 - Retrieved 50 items (page 1, total 59)
2026-01-12 16:14:53 - inventory_app - INFO - categories.py:23 - Retrieved 5 categories
2026-01-12 16:14:53 - inventory_app - INFO - items.py:306 - Found 4 low stock items
2026-01-12 16:14:53 - inventory_app - INFO - items.py:103 - Retrieved 50 items (page 1, total 59)
2026-01-12 16:28:38 - inventory_app - INFO - items.py:306 - Found 4 low stock items
2026-01-12 16:28:38 - inventory_app - INFO - items.py:306 - Found 4 low stock items
2026-01-12 16:28:40 - inventory_app - INFO - items.py:306 - Found 4 low stock items
2026-01-12 16:28:40 - inventory_app - INFO - categories.py:23 - Retrieved 5 categories
2026-01-12 16:28:40 - inventory_app - INFO - items.py:306 - Found 4 low stock items
2026-01-12 16:28:40 - inventory_app - INFO - categories.py:23 - Retrieved 5 categories
2026-01-12 16:28:40 - inventory_app - INFO - items.py:103 - Retrieved 50 items (page 1, total 59)
2026-01-12 16:28:40 - inventory_app - INFO - items.py:103 - Retrieved 50 items (page 1, total 59)
