2026-01-13 13:09:46 - inventory_app - INFO - main.py:15 - Database tables created successfully
2026-01-13 13:09:49 - inventory_app - INFO - main.py:35 - Application starting up...
2026-01-13 13:09:49 - inventory_app - INFO - main.py:36 - Database URL: sqlite:///./inventory.db
2026-01-13 13:10:17 - inventory_app - INFO - main.py:40 - Application shutting down...
2026-01-13 13:10:18 - inventory_app - INFO - main.py:15 - Database tables created successfully
2026-01-13 13:10:19 - inventory_app - INFO - main.py:35 - Application starting up...
2026-01-13 13:10:19 - inventory_app - INFO - main.py:36 - Database URL: sqlite:///./inventory.db
2026-01-13 13:22:38 - inventory_app - INFO - main.py:40 - Application shutting down...
2026-01-13 13:22:47 - inventory_app - INFO - main.py:15 - Database tables created successfully
2026-01-13 13:22:48 - inventory_app - INFO - main.py:35 - Application starting up...
2026-01-13 13:22:48 - inventory_app - INFO - main.py:36 - Database URL: sqlite:///./inventory.db
2026-01-13 13:28:29 - inventory_app - INFO - main.py:15 - Database tables created successfully
2026-01-13 13:28:29 - inventory_app - INFO - main.py:35 - Application starting up...
2026-01-13 13:28:29 - inventory_app - INFO - main.py:36 - Database URL: sqlite:///./inventory.db
2026-01-13 13:29:10 - inventory_app - INFO - items.py:306 - Found 4 low stock items
2026-01-13 13:29:10 - inventory_app - INFO - categories.py:23 - Retrieved 5 categories
2026-01-13 13:29:10 - inventory_app - INFO - items.py:103 - Retrieved 50 items (page 1, total 59)
2026-01-13 13:29:10 - inventory_app - INFO - items.py:306 - Found 4 low stock items
2026-01-13 13:29:10 - inventory_app - INFO - categories.py:23 - Retrieved 5 categories
2026-01-13 13:29:10 - inventory_app - INFO - items.py:103 - Retrieved 50 items (page 1, total 59)
2026-01-13 13:31:06 - inventory_app - INFO - main.py:40 - Application shutting down...
2026-01-13 13:31:12 - inventory_app - INFO - main.py:15 - Database tables created successfully
2026-01-13 13:31:13 - inventory_app - INFO - main.py:35 - Application starting up...
2026-01-13 13:31:13 - inventory_app - INFO - main.py:36 - Database URL: sqlite:///./inventory.db
2026-01-13 13:32:53 - inventory_app - INFO - main.py:40 - Application shutting down...
2026-01-13 13:32:59 - inventory_app - INFO - main.py:15 - Database tables created successfully
2026-01-13 13:32:59 - inventory_app - INFO - main.py:35 - Application starting up...
2026-01-13 13:32:59 - inventory_app - INFO - main.py:36 - Database URL: sqlite:///./inventory.db
2026-01-13 13:33:04 - inventory_app - INFO - items.py:306 - Found 4 low stock items
2026-01-13 13:33:04 - inventory_app - INFO - categories.py:23 - Retrieved 5 categories
2026-01-13 13:33:04 - inventory_app - INFO - items.py:103 - Retrieved 50 items (page 1, total 59)
2026-01-13 13:33:04 - inventory_app - INFO - items.py:306 - Found 4 low stock items
2026-01-13 13:33:04 - inventory_app - INFO - categories.py:23 - Retrieved 5 categories
2026-01-13 13:33:04 - inventory_app - INFO - items.py:103 - Retrieved 50 items (page 1, total 59)
2026-01-13 13:36:20 - inventory_app - INFO - main.py:40 - Application shutting down...
2026-01-13 13:36:25 - inventory_app - INFO - main.py:15 - Database tables created successfully
2026-01-13 13:36:26 - inventory_app - INFO - main.py:35 - Application starting up...
2026-01-13 13:36:26 - inventory_app - INFO - main.py:36 - Database URL: sqlite:///./inventory.db
2026-01-13 13:37:03 - inventory_app - INFO - main.py:40 - Application shutting down...
2026-01-13 13:37:09 - inventory_app - INFO - main.py:15 - Database tables created successfully
2026-01-13 13:37:09 - inventory_app - INFO - main.py:35 - Application starting up...
2026-01-13 13:37:09 - inventory_app - INFO - main.py:36 - Database URL: sqlite:///./inventory.db
2026-01-13 13:37:14 - inventory_app - INFO - items.py:103 - Retrieved 50 items (page 1, total 59)
2026-01-13 13:37:14 - inventory_app - INFO - items.py:103 - Retrieved 50 items (page 1, total 59)
2026-01-13 13:38:38 - inventory_app - INFO - items.py:306 - Found 4 low stock items
2026-01-13 13:38:38 - inventory_app - INFO - categories.py:23 - Retrieved 5 categories
2026-01-13 13:38:38 - inventory_app - INFO - items.py:103 - Retrieved 50 items (page 1, total 59)
2026-01-13 13:38:38 - inventory_app - INFO - items.py:306 - Found 4 low stock items
2026-01-13 13:38:38 - inventory_app - INFO - categories.py:23 - Retrieved 5 categories
2026-01-13 13:38:38 - inventory_app - INFO - items.py:103 - Retrieved 50 items (page 1, total 59)
2026-01-13 13:38:40 - inventory_app - INFO - items.py:103 - Retrieved 50 items (page 1, total 59)
2026-01-13 13:38:40 - inventory_app - INFO - items.py:103 - Retrieved 50 items (page 1, total 59)
2026-01-13 13:49:08 - inventory_app - INFO - main.py:40 - Application shutting down...
2026-01-13 13:49:10 - inventory_app - INFO - main.py:15 - Database tables created successfully
2026-01-13 13:49:11 - inventory_app - INFO - main.py:35 - Application starting up...
2026-01-13 13:49:11 - inventory_app - INFO - main.py:36 - Database URL: sqlite:///./inventory.db
2026-01-13 13:49:30 - inventory_app - INFO - main.py:40 - Application shutting down...
2026-01-13 13:49:32 - inventory_app - INFO - main.py:15 - Database tables created successfully
2026-01-13 13:49:35 - inventory_app - INFO - main.py:35 - Application starting up...
2026-01-13 13:49:35 - inventory_app - INFO - main.py:36 - Database URL: sqlite:///./inventory.db
2026-01-13 13:56:42 - inventory_app - INFO - categories.py:23 - Retrieved 5 categories
2026-01-13 13:56:42 - inventory_app - INFO - items.py:306 - Found 4 low stock items
2026-01-13 13:56:42 - inventory_app - INFO - items.py:103 - Retrieved 50 items (page 1, total 59)
2026-01-13 13:56:43 - inventory_app - INFO - categories.py:23 - Retrieved 5 categories
2026-01-13 13:56:43 - inventory_app - INFO - items.py:306 - Found 4 low stock items
2026-01-13 13:56:43 - inventory_app - INFO - items.py:103 - Retrieved 50 items (page 1, total 59)
2026-01-13 13:56:54 - inventory_app - INFO - main.py:40 - Application shutting down...
2026-01-13 14:13:12 - inventory_app - INFO - main.py:15 - Database tables created successfully
2026-01-13 14:13:13 - inventory_app - INFO - main.py:35 - Application starting up...
2026-01-13 14:13:13 - inventory_app - INFO - main.py:36 - Database URL: sqlite:///./inventory.db
2026-01-13 14:13:23 - inventory_app - INFO - main.py:15 - Database tables created successfully
2026-01-13 14:13:24 - inventory_app - INFO - main.py:35 - Application starting up...
2026-01-13 14:13:24 - inventory_app - INFO - main.py:36 - Database URL: sqlite:///./inventory.db
2026-01-13 14:13:31 - inventory_app - INFO - items.py:306 - Found 4 low stock items
2026-01-13 14:13:31 - inventory_app - INFO - categories.py:23 - Retrieved 5 categories
2026-01-13 14:13:31 - inventory_app - INFO - items.py:103 - Retrieved 50 items (page 1, total 59)
2026-01-13 14:13:35 - inventory_app - INFO - main.py:40 - Application shutting down...
2026-01-13 14:28:47 - inventory_app - INFO - main.py:15 - Database tables created successfully
2026-01-13 14:28:48 - inventory_app - INFO - main.py:35 - Application starting up...
2026-01-13 14:28:48 - inventory_app - INFO - main.py:36 - Database URL: sqlite:///./inventory.db
2026-01-13 14:28:57 - inventory_app - INFO - main.py:40 - Application shutting down...
2026-01-13 15:55:03 - inventory_app - INFO - main.py:15 - Database tables created successfully
2026-01-13 15:55:04 - inventory_app - INFO - main.py:35 - Application starting up...
2026-01-13 15:55:04 - inventory_app - INFO - main.py:36 - Database URL: sqlite:///./inventory.db
2026-01-13 15:56:52 - inventory_app - INFO - items.py:306 - Found 4 low stock items
2026-01-13 15:56:52 - inventory_app - INFO - categories.py:23 - Retrieved 5 categories
2026-01-13 15:56:52 - inventory_app - INFO - items.py:103 - Retrieved 50 items (page 1, total 59)
2026-01-13 15:56:52 - inventory_app - INFO - items.py:306 - Found 4 low stock items
2026-01-13 15:56:52 - inventory_app - INFO - categories.py:23 - Retrieved 5 categories
2026-01-13 15:56:52 - inventory_app - INFO - items.py:103 - Retrieved 50 items (page 1, total 59)
2026-01-13 16:00:24 - inventory_app - INFO - items.py:306 - Found 4 low stock items
2026-01-13 16:00:24 - inventory_app - INFO - categories.py:23 - Retrieved 5 categories
2026-01-13 16:00:24 - inventory_app - INFO - items.py:103 - Retrieved 50 items (page 1, total 59)
2026-01-13 16:00:24 - inventory_app - INFO - categories.py:23 - Retrieved 5 categories
2026-01-13 16:00:24 - inventory_app - INFO - items.py:306 - Found 4 low stock items
2026-01-13 16:00:24 - inventory_app - INFO - items.py:103 - Retrieved 50 items (page 1, total 59)
2026-01-13 16:02:20 - inventory_app - INFO - main.py:40 - Application shutting down...
2026-01-13 16:02:22 - inventory_app - INFO - main.py:15 - Database tables created successfully
2026-01-13 16:02:23 - inventory_app - INFO - main.py:35 - Application starting up...
2026-01-13 16:02:23 - inventory_app - INFO - main.py:36 - Database URL: sqlite:///./inventory.db
