2026-01-09 15:33:20 - inventory_app - INFO - items.py:42 - Retrieved 59 items
2026-01-09 15:33:20 - inventory_app - INFO - categories.py:23 - Retrieved 5 categories
2026-01-09 15:33:20 - inventory_app - INFO - items.py:98 - Found 3 low stock items
2026-01-09 15:33:20 - inventory_app - INFO - items.py:42 - Retrieved 59 items
2026-01-09 15:33:20 - inventory_app - INFO - categories.py:23 - Retrieved 5 categories
2026-01-09 15:33:20 - inventory_app - INFO - items.py:98 - Found 3 low stock items
2026-01-09 15:38:18 - inventory_app - INFO - items.py:98 - Found 3 low stock items
2026-01-09 15:38:18 - inventory_app - INFO - categories.py:23 - Retrieved 5 categories
2026-01-09 15:38:18 - inventory_app - INFO - items.py:98 - Found 3 low stock items
2026-01-09 15:38:18 - inventory_app - INFO - categories.py:23 - Retrieved 5 categories
2026-01-09 15:38:18 - inventory_app - INFO - items.py:42 - Retrieved 59 items
2026-01-09 15:38:18 - inventory_app - INFO - items.py:42 - Retrieved 59 items
2026-01-09 15:38:32 - inventory_app - INFO - categories.py:23 - Retrieved 5 categories
2026-01-09 15:38:32 - inventory_app - INFO - categories.py:23 - Retrieved 5 categories
2026-01-09 15:38:37 - inventory_app - INFO - sales.py:33 - Retrieved 4 sales
2026-01-09 15:38:37 - inventory_app - INFO - sales.py:33 - Retrieved 4 sales
2026-01-09 15:38:52 - inventory_app - INFO - categories.py:23 - Retrieved 5 categories
2026-01-09 15:38:52 - inventory_app - INFO - categories.py:23 - Retrieved 5 categories
2026-01-09 15:38:54 - inventory_app - INFO - qualities.py:27 - Retrieved 4 qualities
2026-01-09 15:38:54 - inventory_app - INFO - sizes.py:27 - Retrieved 6 sizes
2026-01-09 15:38:54 - inventory_app - INFO - qualities.py:27 - Retrieved 4 qualities
2026-01-09 15:38:54 - inventory_app - INFO - sizes.py:27 - Retrieved 6 sizes
