2026-01-09 15:51:07 - inventory_app - INFO - main.py:15 - Database tables created successfully
2026-01-09 15:51:07 - inventory_app - INFO - main.py:35 - Application starting up...
2026-01-09 15:51:07 - inventory_app - INFO - main.py:36 - Database URL: sqlite:///./inventory.db
2026-01-09 15:51:12 - inventory_app - INFO - categories.py:23 - Retrieved 5 categories
2026-01-09 15:51:12 - inventory_app - INFO - categories.py:23 - Retrieved 5 categories
2026-01-09 15:51:15 - inventory_app - INFO - qualities.py:27 - Retrieved 0 qualities
2026-01-09 15:51:15 - inventory_app - INFO - sizes.py:27 - Retrieved 0 sizes
2026-01-09 15:51:15 - inventory_app - INFO - sizes.py:27 - Retrieved 0 sizes
2026-01-09 15:51:15 - inventory_app - INFO - qualities.py:27 - Retrieved 0 qualities
2026-01-09 15:51:36 - inventory_app - INFO - categories.py:23 - Retrieved 5 categories
2026-01-09 15:51:36 - inventory_app - INFO - categories.py:23 - Retrieved 5 categories
2026-01-09 15:51:38 - inventory_app - INFO - qualities.py:27 - Retrieved 0 qualities
2026-01-09 15:51:38 - inventory_app - INFO - sizes.py:27 - Retrieved 0 sizes
2026-01-09 15:51:38 - inventory_app - INFO - qualities.py:27 - Retrieved 0 qualities
2026-01-09 15:51:38 - inventory_app - INFO - sizes.py:27 - Retrieved 0 sizes
2026-01-09 15:52:26 - inventory_app - INFO - categories.py:23 - Retrieved 5 categories
2026-01-09 15:52:26 - inventory_app - INFO - items.py:98 - Found 3 low stock items
2026-01-09 15:52:26 - inventory_app - INFO - items.py:42 - Retrieved 59 items
2026-01-09 15:52:26 - inventory_app - INFO - categories.py:23 - Retrieved 5 categories
2026-01-09 15:52:26 - inventory_app - INFO - items.py:98 - Found 3 low stock items
2026-01-09 15:52:26 - inventory_app - INFO - items.py:42 - Retrieved 59 items
2026-01-09 15:52:31 - inventory_app - INFO - categories.py:23 - Retrieved 5 categories
2026-01-09 15:52:31 - inventory_app - INFO - categories.py:23 - Retrieved 5 categories
2026-01-09 15:52:33 - inventory_app - INFO - qualities.py:27 - Retrieved 2 qualities
2026-01-09 15:52:33 - inventory_app - INFO - qualities.py:27 - Retrieved 2 qualities
2026-01-09 15:52:33 - inventory_app - INFO - sizes.py:27 - Retrieved 2 sizes
2026-01-09 15:52:33 - inventory_app - INFO - sizes.py:27 - Retrieved 2 sizes
2026-01-09 15:55:35 - inventory_app - INFO - sizes.py:27 - Retrieved 2 sizes
2026-01-09 15:55:35 - inventory_app - INFO - qualities.py:27 - Retrieved 2 qualities
2026-01-09 15:55:35 - inventory_app - INFO - sizes.py:27 - Retrieved 2 sizes
2026-01-09 15:55:35 - inventory_app - INFO - qualities.py:27 - Retrieved 2 qualities
2026-01-09 15:56:36 - inventory_app - INFO - categories.py:23 - Retrieved 5 categories
2026-01-09 15:56:36 - inventory_app - INFO - items.py:42 - Retrieved 59 items
2026-01-09 15:56:36 - inventory_app - INFO - categories.py:23 - Retrieved 5 categories
2026-01-09 15:56:36 - inventory_app - INFO - items.py:42 - Retrieved 59 items
2026-01-09 15:57:22 - inventory_app - INFO - categories.py:23 - Retrieved 5 categories
2026-01-09 15:57:22 - inventory_app - INFO - categories.py:23 - Retrieved 5 categories
2026-01-09 15:57:23 - inventory_app - INFO - categories.py:23 - Retrieved 5 categories
2026-01-09 15:57:23 - inventory_app - INFO - suppliers.py:19 - Retrieved 3 suppliers
2026-01-09 15:57:23 - inventory_app - INFO - suppliers.py:19 - Retrieved 3 suppliers
2026-01-09 15:57:23 - inventory_app - INFO - categories.py:23 - Retrieved 5 categories
2026-01-09 15:57:25 - inventory_app - INFO - categories.py:23 - Retrieved 5 categories
2026-01-09 15:57:25 - inventory_app - INFO - categories.py:23 - Retrieved 5 categories
2026-01-09 15:57:27 - inventory_app - INFO - sales.py:33 - Retrieved 4 sales
2026-01-09 15:57:27 - inventory_app - INFO - sales.py:33 - Retrieved 4 sales
2026-01-09 15:57:32 - inventory_app - INFO - purchases.py:36 - Retrieved 6 purchases
2026-01-09 15:57:32 - inventory_app - INFO - purchases.py:36 - Retrieved 6 purchases
2026-01-09 15:57:37 - inventory_app - INFO - items.py:98 - Found 3 low stock items
2026-01-09 15:57:37 - inventory_app - INFO - purchases.py:36 - Retrieved 6 purchases
2026-01-09 15:57:37 - inventory_app - INFO - sales.py:33 - Retrieved 4 sales
2026-01-09 15:57:37 - inventory_app - INFO - purchases.py:36 - Retrieved 6 purchases
2026-01-09 15:57:37 - inventory_app - INFO - items.py:98 - Found 3 low stock items
2026-01-09 15:57:37 - inventory_app - INFO - sales.py:33 - Retrieved 4 sales
2026-01-09 15:57:37 - inventory_app - INFO - items.py:42 - Retrieved 59 items
2026-01-09 15:57:37 - inventory_app - INFO - items.py:42 - Retrieved 59 items
2026-01-09 15:57:40 - inventory_app - INFO - categories.py:23 - Retrieved 5 categories
2026-01-09 15:57:40 - inventory_app - INFO - categories.py:23 - Retrieved 5 categories
2026-01-09 15:57:40 - inventory_app - INFO - items.py:42 - Retrieved 59 items
2026-01-09 15:57:40 - inventory_app - INFO - items.py:42 - Retrieved 59 items
2026-01-09 15:57:48 - inventory_app - INFO - categories.py:23 - Retrieved 5 categories
2026-01-09 15:57:48 - inventory_app - INFO - categories.py:23 - Retrieved 5 categories
2026-01-09 15:57:49 - inventory_app - INFO - categories.py:23 - Retrieved 5 categories
2026-01-09 15:57:49 - inventory_app - INFO - suppliers.py:19 - Retrieved 3 suppliers
2026-01-09 15:57:49 - inventory_app - INFO - categories.py:23 - Retrieved 5 categories
2026-01-09 15:57:49 - inventory_app - INFO - suppliers.py:19 - Retrieved 3 suppliers
2026-01-09 16:02:02 - inventory_app - INFO - main.py:40 - Application shutting down...
2026-01-09 16:02:04 - inventory_app - INFO - main.py:15 - Database tables created successfully
2026-01-09 16:02:04 - inventory_app - INFO - main.py:35 - Application starting up...
2026-01-09 16:02:04 - inventory_app - INFO - main.py:36 - Database URL: sqlite:///./inventory.db
2026-01-09 16:04:11 - inventory_app - INFO - suppliers.py:19 - Retrieved 3 suppliers
2026-01-09 16:04:11 - inventory_app - INFO - categories.py:23 - Retrieved 5 categories
2026-01-09 16:04:11 - inventory_app - INFO - suppliers.py:19 - Retrieved 3 suppliers
2026-01-09 16:04:11 - inventory_app - INFO - categories.py:23 - Retrieved 5 categories
2026-01-09 16:09:10 - inventory_app - INFO - items.py:113 - Found 3 low stock items
2026-01-09 16:09:10 - inventory_app - INFO - categories.py:23 - Retrieved 5 categories
2026-01-09 16:09:10 - inventory_app - INFO - items.py:113 - Found 3 low stock items
2026-01-09 16:09:10 - inventory_app - INFO - items.py:57 - Retrieved 59 items
2026-01-09 16:09:10 - inventory_app - INFO - categories.py:23 - Retrieved 5 categories
2026-01-09 16:09:10 - inventory_app - INFO - items.py:57 - Retrieved 59 items
2026-01-09 16:09:12 - inventory_app - INFO - categories.py:23 - Retrieved 5 categories
2026-01-09 16:09:12 - inventory_app - INFO - items.py:57 - Retrieved 59 items
2026-01-09 16:09:12 - inventory_app - INFO - categories.py:23 - Retrieved 5 categories
2026-01-09 16:09:12 - inventory_app - INFO - items.py:57 - Retrieved 59 items
2026-01-09 16:09:31 - inventory_app - INFO - categories.py:23 - Retrieved 5 categories
2026-01-09 16:09:31 - inventory_app - INFO - categories.py:23 - Retrieved 5 categories
2026-01-09 16:09:31 - inventory_app - INFO - items.py:57 - Retrieved 59 items
2026-01-09 16:09:31 - inventory_app - INFO - items.py:57 - Retrieved 59 items
2026-01-09 16:09:33 - inventory_app - INFO - sales.py:33 - Retrieved 4 sales
2026-01-09 16:09:33 - inventory_app - INFO - sales.py:33 - Retrieved 4 sales
2026-01-09 16:09:38 - inventory_app - INFO - suppliers.py:19 - Retrieved 3 suppliers
2026-01-09 16:10:08 - inventory_app - INFO - items.py:57 - Retrieved 47 items
2026-01-09 16:10:08 - inventory_app - INFO - items.py:57 - Retrieved 6 items
2026-01-09 16:10:09 - inventory_app - INFO - items.py:57 - Retrieved 47 items
2026-01-09 16:10:10 - inventory_app - INFO - items.py:57 - Retrieved 59 items
2026-01-09 16:10:11 - inventory_app - INFO - items.py:57 - Retrieved 16 items
2026-01-09 16:10:11 - inventory_app - INFO - items.py:57 - Retrieved 12 items
2026-01-09 16:10:12 - inventory_app - INFO - items.py:57 - Retrieved 12 items
2026-01-09 16:10:13 - inventory_app - INFO - items.py:57 - Retrieved 12 items
2026-01-09 16:10:18 - inventory_app - INFO - items.py:57 - Retrieved 12 items
2026-01-09 16:10:18 - inventory_app - INFO - items.py:57 - Retrieved 12 items
2026-01-09 16:10:18 - inventory_app - INFO - items.py:57 - Retrieved 16 items
2026-01-09 16:10:18 - inventory_app - INFO - items.py:57 - Retrieved 59 items
2026-01-09 16:10:33 - inventory_app - INFO - items.py:57 - Retrieved 59 items
2026-01-09 16:10:33 - inventory_app - INFO - items.py:57 - Retrieved 16 items
2026-01-09 16:10:33 - inventory_app - INFO - items.py:57 - Retrieved 12 items
2026-01-09 16:10:33 - inventory_app - INFO - items.py:57 - Retrieved 12 items
2026-01-09 16:10:34 - inventory_app - INFO - items.py:57 - Retrieved 12 items
2026-01-09 16:10:41 - inventory_app - INFO - items.py:57 - Retrieved 12 items
2026-01-09 16:10:41 - inventory_app - INFO - items.py:57 - Retrieved 12 items
2026-01-09 16:10:41 - inventory_app - INFO - items.py:57 - Retrieved 16 items
2026-01-09 16:10:41 - inventory_app - INFO - items.py:57 - Retrieved 59 items
2026-01-09 16:10:42 - inventory_app - INFO - items.py:57 - Retrieved 39 items
2026-01-09 16:10:42 - inventory_app - INFO - items.py:57 - Retrieved 22 items
2026-01-09 16:10:42 - inventory_app - INFO - items.py:57 - Retrieved 4 items
2026-01-09 16:10:42 - inventory_app - INFO - items.py:57 - Retrieved 4 items
2026-01-09 16:10:48 - inventory_app - INFO - items.py:57 - Retrieved 4 items
2026-01-09 16:10:48 - inventory_app - INFO - items.py:57 - Retrieved 22 items
2026-01-09 16:10:49 - inventory_app - INFO - items.py:57 - Retrieved 39 items
2026-01-09 16:10:56 - inventory_app - INFO - items.py:57 - Retrieved 39 items
2026-01-09 16:10:56 - inventory_app - INFO - items.py:57 - Retrieved 22 items
2026-01-09 16:10:56 - inventory_app - INFO - items.py:57 - Retrieved 4 items
2026-01-09 16:10:56 - inventory_app - INFO - items.py:57 - Retrieved 4 items
2026-01-09 16:11:39 - inventory_app - INFO - categories.py:23 - Retrieved 5 categories
2026-01-09 16:11:39 - inventory_app - INFO - categories.py:23 - Retrieved 5 categories
2026-01-09 16:11:42 - inventory_app - INFO - qualities.py:27 - Retrieved 2 qualities
2026-01-09 16:11:42 - inventory_app - INFO - sizes.py:27 - Retrieved 2 sizes
2026-01-09 16:11:42 - inventory_app - INFO - qualities.py:27 - Retrieved 2 qualities
2026-01-09 16:11:42 - inventory_app - INFO - sizes.py:27 - Retrieved 2 sizes
2026-01-09 16:11:55 - inventory_app - INFO - categories.py:23 - Retrieved 5 categories
2026-01-09 16:11:55 - inventory_app - INFO - items.py:57 - Retrieved 59 items
2026-01-09 16:11:55 - inventory_app - INFO - categories.py:23 - Retrieved 5 categories
2026-01-09 16:11:55 - inventory_app - INFO - items.py:57 - Retrieved 59 items
2026-01-09 16:12:12 - inventory_app - INFO - categories.py:23 - Retrieved 5 categories
2026-01-09 16:12:12 - inventory_app - INFO - categories.py:23 - Retrieved 5 categories
2026-01-09 16:12:12 - inventory_app - INFO - categories.py:23 - Retrieved 5 categories
2026-01-09 16:12:12 - inventory_app - INFO - categories.py:23 - Retrieved 5 categories
2026-01-09 16:12:19 - inventory_app - INFO - categories.py:23 - Retrieved 5 categories
2026-01-09 16:12:22 - inventory_app - INFO - categories.py:23 - Retrieved 5 categories
2026-01-09 16:12:22 - inventory_app - INFO - categories.py:23 - Retrieved 5 categories
2026-01-09 16:12:22 - inventory_app - INFO - categories.py:23 - Retrieved 5 categories
2026-01-09 16:12:23 - inventory_app - INFO - categories.py:23 - Retrieved 5 categories
2026-01-09 16:12:23 - inventory_app - INFO - categories.py:23 - Retrieved 5 categories
2026-01-09 16:12:24 - inventory_app - INFO - categories.py:23 - Retrieved 5 categories
2026-01-09 16:12:24 - inventory_app - INFO - categories.py:23 - Retrieved 5 categories
2026-01-09 16:12:24 - inventory_app - INFO - categories.py:23 - Retrieved 5 categories
2026-01-09 16:12:25 - inventory_app - INFO - categories.py:23 - Retrieved 5 categories
2026-01-09 16:12:25 - inventory_app - INFO - categories.py:23 - Retrieved 5 categories
2026-01-09 16:12:25 - inventory_app - INFO - categories.py:23 - Retrieved 5 categories
2026-01-09 16:12:26 - inventory_app - INFO - categories.py:23 - Retrieved 5 categories
2026-01-09 16:12:26 - inventory_app - INFO - categories.py:23 - Retrieved 5 categories
2026-01-09 16:12:26 - inventory_app - INFO - categories.py:23 - Retrieved 5 categories
2026-01-09 16:12:27 - inventory_app - INFO - categories.py:23 - Retrieved 5 categories
2026-01-09 16:12:27 - inventory_app - INFO - categories.py:23 - Retrieved 5 categories
2026-01-09 16:12:27 - inventory_app - INFO - categories.py:23 - Retrieved 5 categories
2026-01-09 16:12:28 - inventory_app - INFO - categories.py:23 - Retrieved 5 categories
2026-01-09 16:12:28 - inventory_app - INFO - categories.py:23 - Retrieved 5 categories
2026-01-09 16:12:28 - inventory_app - INFO - categories.py:23 - Retrieved 5 categories
2026-01-09 16:12:28 - inventory_app - INFO - categories.py:23 - Retrieved 5 categories
2026-01-09 16:12:28 - inventory_app - INFO - categories.py:23 - Retrieved 5 categories
2026-01-09 16:12:28 - inventory_app - INFO - categories.py:23 - Retrieved 5 categories
2026-01-09 16:12:28 - inventory_app - INFO - categories.py:23 - Retrieved 5 categories
2026-01-09 16:12:28 - inventory_app - INFO - categories.py:23 - Retrieved 5 categories
2026-01-09 16:12:28 - inventory_app - INFO - categories.py:23 - Retrieved 5 categories
2026-01-09 16:12:28 - inventory_app - INFO - categories.py:23 - Retrieved 5 categories
2026-01-09 16:12:29 - inventory_app - INFO - categories.py:23 - Retrieved 5 categories
2026-01-09 16:15:09 - inventory_app - INFO - items.py:57 - Retrieved 39 items
2026-01-09 16:15:09 - inventory_app - INFO - items.py:57 - Retrieved 22 items
2026-01-09 16:15:09 - inventory_app - INFO - items.py:57 - Retrieved 4 items
2026-01-09 16:15:09 - inventory_app - INFO - items.py:57 - Retrieved 4 items
2026-01-09 16:15:50 - inventory_app - INFO - items.py:57 - Retrieved 59 items
2026-01-09 16:15:50 - inventory_app - INFO - categories.py:23 - Retrieved 5 categories
2026-01-09 16:15:50 - inventory_app - INFO - categories.py:23 - Retrieved 5 categories
2026-01-09 16:15:50 - inventory_app - INFO - items.py:57 - Retrieved 59 items
2026-01-09 16:17:12 - inventory_app - INFO - items.py:113 - Found 3 low stock items
2026-01-09 16:17:12 - inventory_app - INFO - categories.py:23 - Retrieved 5 categories
2026-01-09 16:17:12 - inventory_app - INFO - items.py:113 - Found 3 low stock items
2026-01-09 16:17:12 - inventory_app - INFO - categories.py:23 - Retrieved 5 categories
2026-01-09 16:17:12 - inventory_app - INFO - items.py:57 - Retrieved 59 items
2026-01-09 16:17:12 - inventory_app - INFO - items.py:57 - Retrieved 59 items
2026-01-09 16:17:50 - inventory_app - INFO - categories.py:23 - Retrieved 5 categories
2026-01-09 16:17:50 - inventory_app - INFO - categories.py:23 - Retrieved 5 categories
2026-01-09 16:17:50 - inventory_app - INFO - items.py:57 - Retrieved 59 items
2026-01-09 16:17:50 - inventory_app - INFO - items.py:57 - Retrieved 59 items
2026-01-09 16:18:53 - inventory_app - INFO - items.py:57 - Retrieved 39 items
2026-01-09 16:18:53 - inventory_app - INFO - items.py:57 - Retrieved 22 items
2026-01-09 16:18:53 - inventory_app - INFO - items.py:57 - Retrieved 4 items
2026-01-09 16:18:53 - inventory_app - INFO - items.py:57 - Retrieved 4 items
2026-01-09 16:19:04 - inventory_app - INFO - audit_logger.py:53 - Audit log created: UPDATE on items (ID: 57)
2026-01-09 16:19:04 - inventory_app - INFO - audit_logger.py:53 - Audit log created: INSERT on purchases (ID: 7)
2026-01-09 16:19:04 - inventory_app - INFO - purchases.py:117 - Created purchase ID: 7, Total: ₹100.00
2026-01-09 16:19:07 - inventory_app - INFO - purchases.py:36 - Retrieved 7 purchases
2026-01-09 16:19:07 - inventory_app - INFO - purchases.py:36 - Retrieved 7 purchases
2026-01-09 16:20:02 - inventory_app - INFO - main.py:40 - Application shutting down...
2026-01-09 16:20:04 - inventory_app - INFO - main.py:15 - Database tables created successfully
2026-01-09 16:22:04 - inventory_app - INFO - main.py:15 - Database tables created successfully
2026-01-09 16:22:06 - inventory_app - INFO - main.py:15 - Database tables created successfully
2026-01-09 16:22:07 - inventory_app - INFO - main.py:35 - Application starting up...
2026-01-09 16:22:07 - inventory_app - INFO - main.py:36 - Database URL: sqlite:///./inventory.db
2026-01-09 16:22:07 - inventory_app - INFO - items.py:113 - Found 3 low stock items
2026-01-09 16:22:07 - inventory_app - INFO - items.py:113 - Found 3 low stock items
2026-01-09 16:22:07 - inventory_app - INFO - categories.py:23 - Retrieved 5 categories
2026-01-09 16:22:07 - inventory_app - INFO - items.py:57 - Retrieved 59 items
2026-01-09 16:22:07 - inventory_app - INFO - purchases.py:36 - Retrieved 7 purchases
2026-01-09 16:22:07 - inventory_app - INFO - sales.py:33 - Retrieved 4 sales
2026-01-09 16:22:07 - inventory_app - INFO - categories.py:23 - Retrieved 5 categories
2026-01-09 16:22:07 - inventory_app - INFO - purchases.py:36 - Retrieved 7 purchases
2026-01-09 16:22:07 - inventory_app - INFO - sales.py:33 - Retrieved 4 sales
2026-01-09 16:22:07 - inventory_app - INFO - purchases.py:36 - Retrieved 7 purchases
2026-01-09 16:22:07 - inventory_app - INFO - items.py:57 - Retrieved 59 items
2026-01-09 16:22:07 - inventory_app - INFO - purchases.py:36 - Retrieved 7 purchases
2026-01-09 16:22:07 - inventory_app - INFO - items.py:57 - Retrieved 59 items
2026-01-09 16:22:07 - inventory_app - INFO - items.py:57 - Retrieved 59 items
2026-01-09 16:22:08 - inventory_app - INFO - main.py:40 - Application shutting down...
2026-01-09 16:22:09 - inventory_app - INFO - main.py:15 - Database tables created successfully
2026-01-09 16:22:10 - inventory_app - INFO - main.py:35 - Application starting up...
2026-01-09 16:22:10 - inventory_app - INFO - main.py:36 - Database URL: sqlite:///./inventory.db
2026-01-09 16:24:26 - inventory_app - INFO - main.py:40 - Application shutting down...
2026-01-09 16:24:28 - inventory_app - INFO - main.py:15 - Database tables created successfully
2026-01-09 16:24:28 - inventory_app - INFO - main.py:35 - Application starting up...
2026-01-09 16:24:28 - inventory_app - INFO - main.py:36 - Database URL: sqlite:///./inventory.db
2026-01-09 16:24:41 - inventory_app - INFO - items.py:57 - Retrieved 59 items
2026-01-09 16:24:41 - inventory_app - INFO - categories.py:23 - Retrieved 5 categories
2026-01-09 16:24:41 - inventory_app - INFO - categories.py:23 - Retrieved 5 categories
2026-01-09 16:24:41 - inventory_app - INFO - items.py:57 - Retrieved 59 items
2026-01-09 16:24:51 - inventory_app - INFO - categories.py:23 - Retrieved 5 categories
2026-01-09 16:24:51 - inventory_app - INFO - categories.py:23 - Retrieved 5 categories
2026-01-09 16:24:51 - inventory_app - INFO - categories.py:23 - Retrieved 5 categories
2026-01-09 16:24:52 - inventory_app - INFO - categories.py:23 - Retrieved 5 categories
2026-01-09 16:24:52 - inventory_app - INFO - categories.py:23 - Retrieved 5 categories
2026-01-09 16:24:55 - inventory_app - INFO - main.py:40 - Application shutting down...
2026-01-09 16:24:57 - inventory_app - INFO - main.py:15 - Database tables created successfully
2026-01-09 16:24:57 - inventory_app - INFO - main.py:35 - Application starting up...
2026-01-09 16:24:57 - inventory_app - INFO - main.py:36 - Database URL: sqlite:///./inventory.db
2026-01-09 16:25:21 - inventory_app - INFO - audit_logger.py:53 - Audit log created: UPDATE on items (ID: 56)
2026-01-09 16:25:21 - inventory_app - INFO - items.py:237 - Updated item: ITM-TES-40 (ID: 56)
2026-01-09 16:25:21 - inventory_app - INFO - items.py:57 - Retrieved 59 items
2026-01-09 16:27:49 - inventory_app - INFO - items.py:113 - Found 3 low stock items
2026-01-09 16:27:49 - inventory_app - INFO - categories.py:23 - Retrieved 5 categories
2026-01-09 16:27:49 - inventory_app - INFO - items.py:113 - Found 3 low stock items
2026-01-09 16:27:49 - inventory_app - INFO - items.py:57 - Retrieved 59 items
2026-01-09 16:27:49 - inventory_app - INFO - categories.py:23 - Retrieved 5 categories
2026-01-09 16:27:49 - inventory_app - INFO - items.py:57 - Retrieved 59 items
2026-01-09 20:34:42 - inventory_app - INFO - items.py:113 - Found 3 low stock items
2026-01-09 20:34:42 - inventory_app - INFO - purchases.py:36 - Retrieved 7 purchases
2026-01-09 20:34:42 - inventory_app - INFO - sales.py:33 - Retrieved 4 sales
2026-01-09 20:34:42 - inventory_app - INFO - items.py:57 - Retrieved 59 items
2026-01-09 20:34:42 - inventory_app - INFO - purchases.py:36 - Retrieved 7 purchases
2026-01-09 20:34:42 - inventory_app - INFO - items.py:113 - Found 3 low stock items
2026-01-09 20:34:42 - inventory_app - INFO - sales.py:33 - Retrieved 4 sales
2026-01-09 20:34:43 - inventory_app - INFO - items.py:57 - Retrieved 59 items
2026-01-09 20:34:43 - inventory_app - INFO - purchases.py:36 - Retrieved 7 purchases
2026-01-09 20:34:43 - inventory_app - INFO - purchases.py:36 - Retrieved 7 purchases
2026-01-09 20:34:46 - inventory_app - INFO - sales.py:33 - Retrieved 4 sales
2026-01-09 20:34:46 - inventory_app - INFO - sales.py:33 - Retrieved 4 sales
2026-01-09 20:34:59 - inventory_app - INFO - categories.py:23 - Retrieved 5 categories
2026-01-09 20:34:59 - inventory_app - INFO - categories.py:23 - Retrieved 5 categories
2026-01-09 20:34:59 - inventory_app - INFO - items.py:57 - Retrieved 59 items
2026-01-09 20:34:59 - inventory_app - INFO - items.py:57 - Retrieved 59 items
2026-01-09 20:35:06 - inventory_app - INFO - categories.py:23 - Retrieved 5 categories
2026-01-09 20:35:07 - inventory_app - INFO - categories.py:23 - Retrieved 5 categories
2026-01-09 20:35:07 - inventory_app - INFO - categories.py:23 - Retrieved 5 categories
2026-01-09 20:35:07 - inventory_app - INFO - categories.py:23 - Retrieved 5 categories
2026-01-09 20:35:09 - inventory_app - INFO - categories.py:23 - Retrieved 5 categories
2026-01-09 20:35:14 - inventory_app - INFO - categories.py:23 - Retrieved 5 categories
2026-01-09 20:35:15 - inventory_app - INFO - categories.py:23 - Retrieved 5 categories
2026-01-09 20:35:16 - inventory_app - INFO - categories.py:23 - Retrieved 5 categories
2026-01-09 20:35:16 - inventory_app - INFO - categories.py:23 - Retrieved 5 categories
2026-01-09 20:35:16 - inventory_app - INFO - categories.py:23 - Retrieved 5 categories
2026-01-09 20:35:17 - inventory_app - INFO - categories.py:23 - Retrieved 5 categories
2026-01-09 20:35:17 - inventory_app - INFO - categories.py:23 - Retrieved 5 categories
2026-01-09 20:35:17 - inventory_app - INFO - categories.py:23 - Retrieved 5 categories
2026-01-09 20:35:18 - inventory_app - INFO - categories.py:23 - Retrieved 5 categories
2026-01-09 20:39:03 - inventory_app - INFO - categories.py:23 - Retrieved 5 categories
2026-01-09 20:39:06 - inventory_app - INFO - categories.py:23 - Retrieved 5 categories
2026-01-09 20:39:09 - inventory_app - INFO - categories.py:23 - Retrieved 5 categories
2026-01-09 20:39:13 - inventory_app - INFO - categories.py:23 - Retrieved 5 categories
2026-01-09 20:39:16 - inventory_app - INFO - categories.py:23 - Retrieved 5 categories
2026-01-09 20:39:17 - inventory_app - INFO - categories.py:23 - Retrieved 5 categories
2026-01-09 20:39:25 - inventory_app - INFO - categories.py:23 - Retrieved 5 categories
2026-01-09 20:39:26 - inventory_app - INFO - categories.py:23 - Retrieved 5 categories
2026-01-09 20:39:34 - inventory_app - INFO - categories.py:23 - Retrieved 5 categories
2026-01-09 20:39:39 - inventory_app - INFO - categories.py:23 - Retrieved 5 categories
2026-01-09 20:39:47 - inventory_app - INFO - categories.py:23 - Retrieved 5 categories
