2026-01-09 15:51:07 - inventory_app - INFO - main.py:15 - Database tables created successfully
2026-01-09 15:51:07 - inventory_app - INFO - main.py:35 - Application starting up...
2026-01-09 15:51:07 - inventory_app - INFO - main.py:36 - Database URL: sqlite:///./inventory.db
2026-01-09 15:51:12 - inventory_app - INFO - categories.py:23 - Retrieved 5 categories
2026-01-09 15:51:12 - inventory_app - INFO - categories.py:23 - Retrieved 5 categories
2026-01-09 15:51:15 - inventory_app - INFO - qualities.py:27 - Retrieved 0 qualities
2026-01-09 15:51:15 - inventory_app - INFO - sizes.py:27 - Retrieved 0 sizes
2026-01-09 15:51:15 - inventory_app - INFO - sizes.py:27 - Retrieved 0 sizes
2026-01-09 15:51:15 - inventory_app - INFO - qualities.py:27 - Retrieved 0 qualities
2026-01-09 15:51:36 - inventory_app - INFO - categories.py:23 - Retrieved 5 categories
2026-01-09 15:51:36 - inventory_app - INFO - categories.py:23 - Retrieved 5 categories
2026-01-09 15:51:38 - inventory_app - INFO - qualities.py:27 - Retrieved 0 qualities
2026-01-09 15:51:38 - inventory_app - INFO - sizes.py:27 - Retrieved 0 sizes
2026-01-09 15:51:38 - inventory_app - INFO - qualities.py:27 - Retrieved 0 qualities
2026-01-09 15:51:38 - inventory_app - INFO - sizes.py:27 - Retrieved 0 sizes
2026-01-09 15:52:26 - inventory_app - INFO - categories.py:23 - Retrieved 5 categories
2026-01-09 15:52:26 - inventory_app - INFO - items.py:98 - Found 3 low stock items
2026-01-09 15:52:26 - inventory_app - INFO - items.py:42 - Retrieved 59 items
2026-01-09 15:52:26 - inventory_app - INFO - categories.py:23 - Retrieved 5 categories
2026-01-09 15:52:26 - inventory_app - INFO - items.py:98 - Found 3 low stock items
2026-01-09 15:52:26 - inventory_app - INFO - items.py:42 - Retrieved 59 items
2026-01-09 15:52:31 - inventory_app - INFO - categories.py:23 - Retrieved 5 categories
2026-01-09 15:52:31 - inventory_app - INFO - categories.py:23 - Retrieved 5 categories
2026-01-09 15:52:33 - inventory_app - INFO - qualities.py:27 - Retrieved 2 qualities
2026-01-09 15:52:33 - inventory_app - INFO - qualities.py:27 - Retrieved 2 qualities
2026-01-09 15:52:33 - inventory_app - INFO - sizes.py:27 - Retrieved 2 sizes
2026-01-09 15:52:33 - inventory_app - INFO - sizes.py:27 - Retrieved 2 sizes
2026-01-09 15:55:35 - inventory_app - INFO - sizes.py:27 - Retrieved 2 sizes
2026-01-09 15:55:35 - inventory_app - INFO - qualities.py:27 - Retrieved 2 qualities
2026-01-09 15:55:35 - inventory_app - INFO - sizes.py:27 - Retrieved 2 sizes
2026-01-09 15:55:35 - inventory_app - INFO - qualities.py:27 - Retrieved 2 qualities
2026-01-09 15:56:36 - inventory_app - INFO - categories.py:23 - Retrieved 5 categories
2026-01-09 15:56:36 - inventory_app - INFO - items.py:42 - Retrieved 59 items
2026-01-09 15:56:36 - inventory_app - INFO - categories.py:23 - Retrieved 5 categories
2026-01-09 15:56:36 - inventory_app - INFO - items.py:42 - Retrieved 59 items
2026-01-09 15:57:22 - inventory_app - INFO - categories.py:23 - Retrieved 5 categories
2026-01-09 15:57:22 - inventory_app - INFO - categories.py:23 - Retrieved 5 categories
2026-01-09 15:57:23 - inventory_app - INFO - categories.py:23 - Retrieved 5 categories
2026-01-09 15:57:23 - inventory_app - INFO - suppliers.py:19 - Retrieved 3 suppliers
2026-01-09 15:57:23 - inventory_app - INFO - suppliers.py:19 - Retrieved 3 suppliers
2026-01-09 15:57:23 - inventory_app - INFO - categories.py:23 - Retrieved 5 categories
2026-01-09 15:57:25 - inventory_app - INFO - categories.py:23 - Retrieved 5 categories
2026-01-09 15:57:25 - inventory_app - INFO - categories.py:23 - Retrieved 5 categories
2026-01-09 15:57:27 - inventory_app - INFO - sales.py:33 - Retrieved 4 sales
2026-01-09 15:57:27 - inventory_app - INFO - sales.py:33 - Retrieved 4 sales
2026-01-09 15:57:32 - inventory_app - INFO - purchases.py:36 - Retrieved 6 purchases
2026-01-09 15:57:32 - inventory_app - INFO - purchases.py:36 - Retrieved 6 purchases
2026-01-09 15:57:37 - inventory_app - INFO - items.py:98 - Found 3 low stock items
2026-01-09 15:57:37 - inventory_app - INFO - purchases.py:36 - Retrieved 6 purchases
2026-01-09 15:57:37 - inventory_app - INFO - sales.py:33 - Retrieved 4 sales
2026-01-09 15:57:37 - inventory_app - INFO - purchases.py:36 - Retrieved 6 purchases
2026-01-09 15:57:37 - inventory_app - INFO - items.py:98 - Found 3 low stock items
2026-01-09 15:57:37 - inventory_app - INFO - sales.py:33 - Retrieved 4 sales
2026-01-09 15:57:37 - inventory_app - INFO - items.py:42 - Retrieved 59 items
2026-01-09 15:57:37 - inventory_app - INFO - items.py:42 - Retrieved 59 items
2026-01-09 15:57:40 - inventory_app - INFO - categories.py:23 - Retrieved 5 categories
2026-01-09 15:57:40 - inventory_app - INFO - categories.py:23 - Retrieved 5 categories
2026-01-09 15:57:40 - inventory_app - INFO - items.py:42 - Retrieved 59 items
2026-01-09 15:57:40 - inventory_app - INFO - items.py:42 - Retrieved 59 items
2026-01-09 15:57:48 - inventory_app - INFO - categories.py:23 - Retrieved 5 categories
2026-01-09 15:57:48 - inventory_app - INFO - categories.py:23 - Retrieved 5 categories
2026-01-09 15:57:49 - inventory_app - INFO - categories.py:23 - Retrieved 5 categories
2026-01-09 15:57:49 - inventory_app - INFO - suppliers.py:19 - Retrieved 3 suppliers
2026-01-09 15:57:49 - inventory_app - INFO - categories.py:23 - Retrieved 5 categories
2026-01-09 15:57:49 - inventory_app - INFO - suppliers.py:19 - Retrieved 3 suppliers
2026-01-09 16:02:02 - inventory_app - INFO - main.py:40 - Application shutting down...
2026-01-09 16:02:04 - inventory_app - INFO - main.py:15 - Database tables created successfully
2026-01-09 16:02:04 - inventory_app - INFO - main.py:35 - Application starting up...
2026-01-09 16:02:04 - inventory_app - INFO - main.py:36 - Database URL: sqlite:///./inventory.db
2026-01-09 16:04:11 - inventory_app - INFO - suppliers.py:19 - Retrieved 3 suppliers
2026-01-09 16:04:11 - inventory_app - INFO - categories.py:23 - Retrieved 5 categories
2026-01-09 16:04:11 - inventory_app - INFO - suppliers.py:19 - Retrieved 3 suppliers
2026-01-09 16:04:11 - inventory_app - INFO - categories.py:23 - Retrieved 5 categories
2026-01-09 16:09:10 - inventory_app - INFO - items.py:113 - Found 3 low stock items
2026-01-09 16:09:10 - inventory_app - INFO - categories.py:23 - Retrieved 5 categories
2026-01-09 16:09:10 - inventory_app - INFO - items.py:113 - Found 3 low stock items
2026-01-09 16:09:10 - inventory_app - INFO - items.py:57 - Retrieved 59 items
2026-01-09 16:09:10 - inventory_app - INFO - categories.py:23 - Retrieved 5 categories
2026-01-09 16:09:10 - inventory_app - INFO - items.py:57 - Retrieved 59 items
2026-01-09 16:09:12 - inventory_app - INFO - categories.py:23 - Retrieved 5 categories
2026-01-09 16:09:12 - inventory_app - INFO - items.py:57 - Retrieved 59 items
2026-01-09 16:09:12 - inventory_app - INFO - categories.py:23 - Retrieved 5 categories
2026-01-09 16:09:12 - inventory_app - INFO - items.py:57 - Retrieved 59 items
2026-01-09 16:09:31 - inventory_app - INFO - categories.py:23 - Retrieved 5 categories
2026-01-09 16:09:31 - inventory_app - INFO - categories.py:23 - Retrieved 5 categories
2026-01-09 16:09:31 - inventory_app - INFO - items.py:57 - Retrieved 59 items
2026-01-09 16:09:31 - inventory_app - INFO - items.py:57 - Retrieved 59 items
2026-01-09 16:09:33 - inventory_app - INFO - sales.py:33 - Retrieved 4 sales
2026-01-09 16:09:33 - inventory_app - INFO - sales.py:33 - Retrieved 4 sales
2026-01-09 16:09:38 - inventory_app - INFO - suppliers.py:19 - Retrieved 3 suppliers
2026-01-09 16:10:08 - inventory_app - INFO - items.py:57 - Retrieved 47 items
2026-01-09 16:10:08 - inventory_app - INFO - items.py:57 - Retrieved 6 items
2026-01-09 16:10:09 - inventory_app - INFO - items.py:57 - Retrieved 47 items
2026-01-09 16:10:10 - inventory_app - INFO - items.py:57 - Retrieved 59 items
2026-01-09 16:10:11 - inventory_app - INFO - items.py:57 - Retrieved 16 items
2026-01-09 16:10:11 - inventory_app - INFO - items.py:57 - Retrieved 12 items
2026-01-09 16:10:12 - inventory_app - INFO - items.py:57 - Retrieved 12 items
2026-01-09 16:10:13 - inventory_app - INFO - items.py:57 - Retrieved 12 items
2026-01-09 16:10:18 - inventory_app - INFO - items.py:57 - Retrieved 12 items
2026-01-09 16:10:18 - inventory_app - INFO - items.py:57 - Retrieved 12 items
2026-01-09 16:10:18 - inventory_app - INFO - items.py:57 - Retrieved 16 items
2026-01-09 16:10:18 - inventory_app - INFO - items.py:57 - Retrieved 59 items
2026-01-09 16:10:33 - inventory_app - INFO - items.py:57 - Retrieved 59 items
2026-01-09 16:10:33 - inventory_app - INFO - items.py:57 - Retrieved 16 items
2026-01-09 16:10:33 - inventory_app - INFO - items.py:57 - Retrieved 12 items
2026-01-09 16:10:33 - inventory_app - INFO - items.py:57 - Retrieved 12 items
2026-01-09 16:10:34 - inventory_app - INFO - items.py:57 - Retrieved 12 items
2026-01-09 16:10:41 - inventory_app - INFO - items.py:57 - Retrieved 12 items
2026-01-09 16:10:41 - inventory_app - INFO - items.py:57 - Retrieved 12 items
2026-01-09 16:10:41 - inventory_app - INFO - items.py:57 - Retrieved 16 items
2026-01-09 16:10:41 - inventory_app - INFO - items.py:57 - Retrieved 59 items
2026-01-09 16:10:42 - inventory_app - INFO - items.py:57 - Retrieved 39 items
2026-01-09 16:10:42 - inventory_app - INFO - items.py:57 - Retrieved 22 items
2026-01-09 16:10:42 - inventory_app - INFO - items.py:57 - Retrieved 4 items
2026-01-09 16:10:42 - inventory_app - INFO - items.py:57 - Retrieved 4 items
2026-01-09 16:10:48 - inventory_app - INFO - items.py:57 - Retrieved 4 items
2026-01-09 16:10:48 - inventory_app - INFO - items.py:57 - Retrieved 22 items
2026-01-09 16:10:49 - inventory_app - INFO - items.py:57 - Retrieved 39 items
2026-01-09 16:10:56 - inventory_app - INFO - items.py:57 - Retrieved 39 items
2026-01-09 16:10:56 - inventory_app - INFO - items.py:57 - Retrieved 22 items
2026-01-09 16:10:56 - inventory_app - INFO - items.py:57 - Retrieved 4 items
2026-01-09 16:10:56 - inventory_app - INFO - items.py:57 - Retrieved 4 items
2026-01-09 16:11:39 - inventory_app - INFO - categories.py:23 - Retrieved 5 categories
2026-01-09 16:11:39 - inventory_app - INFO - categories.py:23 - Retrieved 5 categories
2026-01-09 16:11:42 - inventory_app - INFO - qualities.py:27 - Retrieved 2 qualities
2026-01-09 16:11:42 - inventory_app - INFO - sizes.py:27 - Retrieved 2 sizes
2026-01-09 16:11:42 - inventory_app - INFO - qualities.py:27 - Retrieved 2 qualities
2026-01-09 16:11:42 - inventory_app - INFO - sizes.py:27 - Retrieved 2 sizes
2026-01-09 16:11:55 - inventory_app - INFO - categories.py:23 - Retrieved 5 categories
2026-01-09 16:11:55 - inventory_app - INFO - items.py:57 - Retrieved 59 items
2026-01-09 16:11:55 - inventory_app - INFO - categories.py:23 - Retrieved 5 categories
2026-01-09 16:11:55 - inventory_app - INFO - items.py:57 - Retrieved 59 items
2026-01-09 16:12:12 - inventory_app - INFO - categories.py:23 - Retrieved 5 categories
2026-01-09 16:12:12 - inventory_app - INFO - categories.py:23 - Retrieved 5 categories
2026-01-09 16:12:12 - inventory_app - INFO - categories.py:23 - Retrieved 5 categories
2026-01-09 16:12:12 - inventory_app - INFO - categories.py:23 - Retrieved 5 categories
2026-01-09 16:12:19 - inventory_app - INFO - categories.py:23 - Retrieved 5 categories
2026-01-09 16:12:22 - inventory_app - INFO - categories.py:23 - Retrieved 5 categories
2026-01-09 16:12:22 - inventory_app - INFO - categories.py:23 - Retrieved 5 categories
2026-01-09 16:12:22 - inventory_app - INFO - categories.py:23 - Retrieved 5 categories
2026-01-09 16:12:23 - inventory_app - INFO - categories.py:23 - Retrieved 5 categories
2026-01-09 16:12:23 - inventory_app - INFO - categories.py:23 - Retrieved 5 categories
2026-01-09 16:12:24 - inventory_app - INFO - categories.py:23 - Retrieved 5 categories
2026-01-09 16:12:24 - inventory_app - INFO - categories.py:23 - Retrieved 5 categories
2026-01-09 16:12:24 - inventory_app - INFO - categories.py:23 - Retrieved 5 categories
2026-01-09 16:12:25 - inventory_app - INFO - categories.py:23 - Retrieved 5 categories
2026-01-09 16:12:25 - inventory_app - INFO - categories.py:23 - Retrieved 5 categories
2026-01-09 16:12:25 - inventory_app - INFO - categories.py:23 - Retrieved 5 categories
2026-01-09 16:12:26 - inventory_app - INFO - categories.py:23 - Retrieved 5 categories
2026-01-09 16:12:26 - inventory_app - INFO - categories.py:23 - Retrieved 5 categories
2026-01-09 16:12:26 - inventory_app - INFO - categories.py:23 - Retrieved 5 categories
2026-01-09 16:12:27 - inventory_app - INFO - categories.py:23 - Retrieved 5 categories
2026-01-09 16:12:27 - inventory_app - INFO - categories.py:23 - Retrieved 5 categories
2026-01-09 16:12:27 - inventory_app - INFO - categories.py:23 - Retrieved 5 categories
2026-01-09 16:12:28 - inventory_app - INFO - categories.py:23 - Retrieved 5 categories
2026-01-09 16:12:28 - inventory_app - INFO - categories.py:23 - Retrieved 5 categories
2026-01-09 16:12:28 - inventory_app - INFO - categories.py:23 - Retrieved 5 categories
2026-01-09 16:12:28 - inventory_app - INFO - categories.py:23 - Retrieved 5 categories
2026-01-09 16:12:28 - inventory_app - INFO - categories.py:23 - Retrieved 5 categories
2026-01-09 16:12:28 - inventory_app - INFO - categories.py:23 - Retrieved 5 categories
2026-01-09 16:12:28 - inventory_app - INFO - categories.py:23 - Retrieved 5 categories
2026-01-09 16:12:28 - inventory_app - INFO - categories.py:23 - Retrieved 5 categories
2026-01-09 16:12:28 - inventory_app - INFO - categories.py:23 - Retrieved 5 categories
2026-01-09 16:12:28 - inventory_app - INFO - categories.py:23 - Retrieved 5 categories
2026-01-09 16:12:29 - inventory_app - INFO - categories.py:23 - Retrieved 5 categories
2026-01-09 16:15:09 - inventory_app - INFO - items.py:57 - Retrieved 39 items
2026-01-09 16:15:09 - inventory_app - INFO - items.py:57 - Retrieved 22 items
2026-01-09 16:15:09 - inventory_app - INFO - items.py:57 - Retrieved 4 items
2026-01-09 16:15:09 - inventory_app - INFO - items.py:57 - Retrieved 4 items
2026-01-09 16:15:50 - inventory_app - INFO - items.py:57 - Retrieved 59 items
2026-01-09 16:15:50 - inventory_app - INFO - categories.py:23 - Retrieved 5 categories
2026-01-09 16:15:50 - inventory_app - INFO - categories.py:23 - Retrieved 5 categories
2026-01-09 16:15:50 - inventory_app - INFO - items.py:57 - Retrieved 59 items
2026-01-09 16:17:12 - inventory_app - INFO - items.py:113 - Found 3 low stock items
2026-01-09 16:17:12 - inventory_app - INFO - categories.py:23 - Retrieved 5 categories
2026-01-09 16:17:12 - inventory_app - INFO - items.py:113 - Found 3 low stock items
2026-01-09 16:17:12 - inventory_app - INFO - categories.py:23 - Retrieved 5 categories
2026-01-09 16:17:12 - inventory_app - INFO - items.py:57 - Retrieved 59 items
2026-01-09 16:17:12 - inventory_app - INFO - items.py:57 - Retrieved 59 items
2026-01-09 16:17:50 - inventory_app - INFO - categories.py:23 - Retrieved 5 categories
2026-01-09 16:17:50 - inventory_app - INFO - categories.py:23 - Retrieved 5 categories
2026-01-09 16:17:50 - inventory_app - INFO - items.py:57 - Retrieved 59 items
2026-01-09 16:17:50 - inventory_app - INFO - items.py:57 - Retrieved 59 items
2026-01-09 16:18:53 - inventory_app - INFO - items.py:57 - Retrieved 39 items
2026-01-09 16:18:53 - inventory_app - INFO - items.py:57 - Retrieved 22 items
2026-01-09 16:18:53 - inventory_app - INFO - items.py:57 - Retrieved 4 items
2026-01-09 16:18:53 - inventory_app - INFO - items.py:57 - Retrieved 4 items
2026-01-09 16:19:04 - inventory_app - INFO - audit_logger.py:53 - Audit log created: UPDATE on items (ID: 57)
2026-01-09 16:19:04 - inventory_app - INFO - audit_logger.py:53 - Audit log created: INSERT on purchases (ID: 7)
2026-01-09 16:19:04 - inventory_app - INFO - purchases.py:117 - Created purchase ID: 7, Total: ₹100.00
2026-01-09 16:19:07 - inventory_app - INFO - purchases.py:36 - Retrieved 7 purchases
2026-01-09 16:19:07 - inventory_app - INFO - purchases.py:36 - Retrieved 7 purchases
2026-01-09 16:20:02 - inventory_app - INFO - main.py:40 - Application shutting down...
2026-01-09 16:20:04 - inventory_app - INFO - main.py:15 - Database tables created successfully
2026-01-09 16:22:04 - inventory_app - INFO - main.py:15 - Database tables created successfully
2026-01-09 16:22:06 - inventory_app - INFO - main.py:15 - Database tables created successfully
2026-01-09 16:22:07 - inventory_app - INFO - main.py:35 - Application starting up...
2026-01-09 16:22:07 - inventory_app - INFO - main.py:36 - Database URL: sqlite:///./inventory.db
2026-01-09 16:22:07 - inventory_app - INFO - items.py:113 - Found 3 low stock items
2026-01-09 16:22:07 - inventory_app - INFO - items.py:113 - Found 3 low stock items
2026-01-09 16:22:07 - inventory_app - INFO - categories.py:23 - Retrieved 5 categories
2026-01-09 16:22:07 - inventory_app - INFO - items.py:57 - Retrieved 59 items
2026-01-09 16:22:07 - inventory_app - INFO - purchases.py:36 - Retrieved 7 purchases
2026-01-09 16:22:07 - inventory_app - INFO - sales.py:33 - Retrieved 4 sales
2026-01-09 16:22:07 - inventory_app - INFO - categories.py:23 - Retrieved 5 categories
2026-01-09 16:22:07 - inventory_app - INFO - purchases.py:36 - Retrieved 7 purchases
2026-01-09 16:22:07 - inventory_app - INFO - sales.py:33 - Retrieved 4 sales
2026-01-09 16:22:07 - inventory_app - INFO - purchases.py:36 - Retrieved 7 purchases
2026-01-09 16:22:07 - inventory_app - INFO - items.py:57 - Retrieved 59 items
2026-01-09 16:22:07 - inventory_app - INFO - purchases.py:36 - Retrieved 7 purchases
2026-01-09 16:22:07 - inventory_app - INFO - items.py:57 - Retrieved 59 items
2026-01-09 16:22:07 - inventory_app - INFO - items.py:57 - Retrieved 59 items
2026-01-09 16:22:08 - inventory_app - INFO - main.py:40 - Application shutting down...
2026-01-09 16:22:09 - inventory_app - INFO - main.py:15 - Database tables created successfully
2026-01-09 16:22:10 - inventory_app - INFO - main.py:35 - Application starting up...
2026-01-09 16:22:10 - inventory_app - INFO - main.py:36 - Database URL: sqlite:///./inventory.db
2026-01-09 16:24:26 - inventory_app - INFO - main.py:40 - Application shutting down...
2026-01-09 16:24:28 - inventory_app - INFO - main.py:15 - Database tables created successfully
2026-01-09 16:24:28 - inventory_app - INFO - main.py:35 - Application starting up...
2026-01-09 16:24:28 - inventory_app - INFO - main.py:36 - Database URL: sqlite:///./inventory.db
2026-01-09 16:24:41 - inventory_app - INFO - items.py:57 - Retrieved 59 items
2026-01-09 16:24:41 - inventory_app - INFO - categories.py:23 - Retrieved 5 categories
2026-01-09 16:24:41 - inventory_app - INFO - categories.py:23 - Retrieved 5 categories
2026-01-09 16:24:41 - inventory_app - INFO - items.py:57 - Retrieved 59 items
2026-01-09 16:24:51 - inventory_app - INFO - categories.py:23 - Retrieved 5 categories
2026-01-09 16:24:51 - inventory_app - INFO - categories.py:23 - Retrieved 5 categories
2026-01-09 16:24:51 - inventory_app - INFO - categories.py:23 - Retrieved 5 categories
2026-01-09 16:24:52 - inventory_app - INFO - categories.py:23 - Retrieved 5 categories
2026-01-09 16:24:52 - inventory_app - INFO - categories.py:23 - Retrieved 5 categories
2026-01-09 16:24:55 - inventory_app - INFO - main.py:40 - Application shutting down...
2026-01-09 16:24:57 - inventory_app - INFO - main.py:15 - Database tables created successfully
2026-01-09 16:24:57 - inventory_app - INFO - main.py:35 - Application starting up...
2026-01-09 16:24:57 - inventory_app - INFO - main.py:36 - Database URL: sqlite:///./inventory.db
2026-01-09 16:25:21 - inventory_app - INFO - audit_logger.py:53 - Audit log created: UPDATE on items (ID: 56)
2026-01-09 16:25:21 - inventory_app - INFO - items.py:237 - Updated item: ITM-TES-40 (ID: 56)
2026-01-09 16:25:21 - inventory_app - INFO - items.py:57 - Retrieved 59 items
2026-01-09 16:27:49 - inventory_app - INFO - items.py:113 - Found 3 low stock items
2026-01-09 16:27:49 - inventory_app - INFO - categories.py:23 - Retrieved 5 categories
2026-01-09 16:27:49 - inventory_app - INFO - items.py:113 - Found 3 low stock items
2026-01-09 16:27:49 - inventory_app - INFO - items.py:57 - Retrieved 59 items
2026-01-09 16:27:49 - inventory_app - INFO - categories.py:23 - Retrieved 5 categories
2026-01-09 16:27:49 - inventory_app - INFO - items.py:57 - Retrieved 59 items
2026-01-09 20:34:42 - inventory_app - INFO - items.py:113 - Found 3 low stock items
2026-01-09 20:34:42 - inventory_app - INFO - purchases.py:36 - Retrieved 7 purchases
2026-01-09 20:34:42 - inventory_app - INFO - sales.py:33 - Retrieved 4 sales
2026-01-09 20:34:42 - inventory_app - INFO - items.py:57 - Retrieved 59 items
2026-01-09 20:34:42 - inventory_app - INFO - purchases.py:36 - Retrieved 7 purchases
2026-01-09 20:34:42 - inventory_app - INFO - items.py:113 - Found 3 low stock items
2026-01-09 20:34:42 - inventory_app - INFO - sales.py:33 - Retrieved 4 sales
2026-01-09 20:34:43 - inventory_app - INFO - items.py:57 - Retrieved 59 items
2026-01-09 20:34:43 - inventory_app - INFO - purchases.py:36 - Retrieved 7 purchases
2026-01-09 20:34:43 - inventory_app - INFO - purchases.py:36 - Retrieved 7 purchases
2026-01-09 20:34:46 - inventory_app - INFO - sales.py:33 - Retrieved 4 sales
2026-01-09 20:34:46 - inventory_app - INFO - sales.py:33 - Retrieved 4 sales
2026-01-09 20:34:59 - inventory_app - INFO - categories.py:23 - Retrieved 5 categories
2026-01-09 20:34:59 - inventory_app - INFO - categories.py:23 - Retrieved 5 categories
2026-01-09 20:34:59 - inventory_app - INFO - items.py:57 - Retrieved 59 items
2026-01-09 20:34:59 - inventory_app - INFO - items.py:57 - Retrieved 59 items
2026-01-09 20:35:06 - inventory_app - INFO - categories.py:23 - Retrieved 5 categories
2026-01-09 20:35:07 - inventory_app - INFO - categories.py:23 - Retrieved 5 categories
2026-01-09 20:35:07 - inventory_app - INFO - categories.py:23 - Retrieved 5 categories
2026-01-09 20:35:07 - inventory_app - INFO - categories.py:23 - Retrieved 5 categories
2026-01-09 20:35:09 - inventory_app - INFO - categories.py:23 - Retrieved 5 categories
2026-01-09 20:35:14 - inventory_app - INFO - categories.py:23 - Retrieved 5 categories
2026-01-09 20:35:15 - inventory_app - INFO - categories.py:23 - Retrieved 5 categories
2026-01-09 20:35:16 - inventory_app - INFO - categories.py:23 - Retrieved 5 categories
2026-01-09 20:35:16 - inventory_app - INFO - categories.py:23 - Retrieved 5 categories
2026-01-09 20:35:16 - inventory_app - INFO - categories.py:23 - Retrieved 5 categories
2026-01-09 20:35:17 - inventory_app - INFO - categories.py:23 - Retrieved 5 categories
2026-01-09 20:35:17 - inventory_app - INFO - categories.py:23 - Retrieved 5 categories
2026-01-09 20:35:17 - inventory_app - INFO - categories.py:23 - Retrieved 5 categories
2026-01-09 20:35:18 - inventory_app - INFO - categories.py:23 - Retrieved 5 categories
2026-01-09 20:39:03 - inventory_app - INFO - categories.py:23 - Retrieved 5 categories
2026-01-09 20:39:06 - inventory_app - INFO - categories.py:23 - Retrieved 5 categories
2026-01-09 20:39:09 - inventory_app - INFO - categories.py:23 - Retrieved 5 categories
2026-01-09 20:39:13 - inventory_app - INFO - categories.py:23 - Retrieved 5 categories
2026-01-09 20:39:16 - inventory_app - INFO - categories.py:23 - Retrieved 5 categories
2026-01-09 20:39:17 - inventory_app - INFO - categories.py:23 - Retrieved 5 categories
2026-01-09 20:39:25 - inventory_app - INFO - categories.py:23 - Retrieved 5 categories
2026-01-09 20:39:26 - inventory_app - INFO - categories.py:23 - Retrieved 5 categories
2026-01-09 20:39:34 - inventory_app - INFO - categories.py:23 - Retrieved 5 categories
2026-01-09 20:39:39 - inventory_app - INFO - categories.py:23 - Retrieved 5 categories
2026-01-09 20:39:47 - inventory_app - INFO - categories.py:23 - Retrieved 5 categories
2026-01-09 21:00:36 - inventory_app - INFO - items.py:113 - Found 3 low stock items
2026-01-09 21:00:36 - inventory_app - INFO - categories.py:23 - Retrieved 5 categories
2026-01-09 21:00:36 - inventory_app - INFO - items.py:113 - Found 3 low stock items
2026-01-09 21:00:36 - inventory_app - INFO - categories.py:23 - Retrieved 5 categories
2026-01-09 21:00:36 - inventory_app - INFO - items.py:57 - Retrieved 59 items
2026-01-09 21:00:36 - inventory_app - INFO - items.py:57 - Retrieved 59 items
2026-01-09 21:00:38 - inventory_app - INFO - categories.py:23 - Retrieved 5 categories
2026-01-09 21:00:38 - inventory_app - INFO - categories.py:23 - Retrieved 5 categories
2026-01-09 21:00:42 - inventory_app - INFO - categories.py:23 - Retrieved 5 categories
2026-01-09 21:00:42 - inventory_app - INFO - categories.py:23 - Retrieved 5 categories
2026-01-09 21:00:42 - inventory_app - INFO - items.py:57 - Retrieved 59 items
2026-01-09 21:00:42 - inventory_app - INFO - items.py:57 - Retrieved 59 items
2026-01-09 21:00:50 - inventory_app - INFO - sales.py:33 - Retrieved 4 sales
2026-01-09 21:00:50 - inventory_app - INFO - sales.py:33 - Retrieved 4 sales
2026-01-09 21:00:52 - inventory_app - INFO - purchases.py:36 - Retrieved 7 purchases
2026-01-09 21:00:52 - inventory_app - INFO - purchases.py:36 - Retrieved 7 purchases
2026-01-09 21:00:53 - inventory_app - INFO - items.py:113 - Found 3 low stock items
2026-01-09 21:00:53 - inventory_app - INFO - sales.py:33 - Retrieved 4 sales
2026-01-09 21:00:53 - inventory_app - INFO - items.py:57 - Retrieved 59 items
2026-01-09 21:00:53 - inventory_app - INFO - purchases.py:36 - Retrieved 7 purchases
2026-01-09 21:00:53 - inventory_app - INFO - sales.py:33 - Retrieved 4 sales
2026-01-09 21:00:53 - inventory_app - INFO - purchases.py:36 - Retrieved 7 purchases
2026-01-09 21:00:53 - inventory_app - INFO - items.py:113 - Found 3 low stock items
2026-01-09 21:00:53 - inventory_app - INFO - items.py:57 - Retrieved 59 items
2026-01-09 21:00:55 - inventory_app - INFO - purchases.py:36 - Retrieved 7 purchases
2026-01-09 21:00:55 - inventory_app - INFO - purchases.py:36 - Retrieved 7 purchases
2026-01-09 21:00:57 - inventory_app - INFO - sales.py:33 - Retrieved 4 sales
2026-01-09 21:00:57 - inventory_app - INFO - sales.py:33 - Retrieved 4 sales
2026-01-09 21:02:25 - inventory_app - INFO - items.py:113 - Found 3 low stock items
2026-01-09 21:02:25 - inventory_app - INFO - categories.py:23 - Retrieved 5 categories
2026-01-09 21:02:25 - inventory_app - INFO - items.py:57 - Retrieved 59 items
2026-01-09 21:02:25 - inventory_app - INFO - items.py:113 - Found 3 low stock items
2026-01-09 21:02:25 - inventory_app - INFO - categories.py:23 - Retrieved 5 categories
2026-01-09 21:02:25 - inventory_app - INFO - items.py:57 - Retrieved 59 items
2026-01-09 21:02:41 - inventory_app - INFO - items.py:57 - Retrieved 59 items
2026-01-09 21:03:15 - inventory_app - INFO - items.py:57 - Retrieved 59 items
2026-01-09 21:03:15 - inventory_app - INFO - items.py:57 - Retrieved 25 items
2026-01-09 21:03:43 - inventory_app - INFO - audit_logger.py:53 - Audit log created: UPDATE on items (ID: 1)
2026-01-09 21:03:43 - inventory_app - INFO - audit_logger.py:53 - Audit log created: UPDATE on items (ID: 27)
2026-01-09 21:03:43 - inventory_app - INFO - audit_logger.py:53 - Audit log created: INSERT on sales (ID: 5)
2026-01-09 21:03:43 - inventory_app - INFO - sales.py:137 - Created sale ID: 5, Total: ₹449.97
2026-01-09 21:06:07 - inventory_app - INFO - items.py:113 - Found 3 low stock items
2026-01-09 21:06:07 - inventory_app - INFO - categories.py:23 - Retrieved 5 categories
2026-01-09 21:06:07 - inventory_app - INFO - items.py:57 - Retrieved 59 items
2026-01-09 21:06:07 - inventory_app - INFO - items.py:113 - Found 3 low stock items
2026-01-09 21:06:07 - inventory_app - INFO - categories.py:23 - Retrieved 5 categories
2026-01-09 21:06:07 - inventory_app - INFO - items.py:57 - Retrieved 59 items
2026-01-09 21:06:19 - inventory_app - INFO - sales.py:33 - Retrieved 5 sales
2026-01-09 21:06:19 - inventory_app - INFO - sales.py:33 - Retrieved 5 sales
2026-01-09 21:08:22 - inventory_app - INFO - main.py:40 - Application shutting down...
2026-01-09 21:08:24 - inventory_app - INFO - main.py:15 - Database tables created successfully
2026-01-09 21:08:25 - inventory_app - INFO - main.py:35 - Application starting up...
2026-01-09 21:08:25 - inventory_app - INFO - main.py:36 - Database URL: sqlite:///./inventory.db
2026-01-09 21:08:25 - inventory_app - INFO - main.py:40 - Application shutting down...
2026-01-09 21:08:26 - inventory_app - INFO - main.py:15 - Database tables created successfully
2026-01-09 21:08:27 - inventory_app - INFO - main.py:35 - Application starting up...
2026-01-09 21:08:27 - inventory_app - INFO - main.py:36 - Database URL: sqlite:///./inventory.db
2026-01-09 21:08:34 - inventory_app - INFO - purchases.py:36 - Retrieved 7 purchases
2026-01-09 21:08:34 - inventory_app - INFO - purchases.py:36 - Retrieved 7 purchases
2026-01-09 21:09:05 - inventory_app - INFO - sales.py:33 - Retrieved 5 sales
2026-01-09 21:09:05 - inventory_app - INFO - sales.py:33 - Retrieved 5 sales
2026-01-09 21:09:13 - inventory_app - INFO - sales.py:33 - Retrieved 5 sales
2026-01-09 21:09:13 - inventory_app - INFO - sales.py:33 - Retrieved 5 sales
2026-01-09 21:09:19 - inventory_app - INFO - purchases.py:36 - Retrieved 7 purchases
2026-01-09 21:09:19 - inventory_app - INFO - purchases.py:36 - Retrieved 7 purchases
2026-01-09 21:09:24 - inventory_app - INFO - sales.py:33 - Retrieved 5 sales
2026-01-09 21:09:24 - inventory_app - INFO - sales.py:33 - Retrieved 5 sales
2026-01-09 21:09:56 - inventory_app - INFO - sales.py:33 - Retrieved 5 sales
2026-01-09 21:11:07 - inventory_app - INFO - main.py:40 - Application shutting down...
2026-01-09 21:11:09 - inventory_app - INFO - main.py:15 - Database tables created successfully
2026-01-09 21:11:09 - inventory_app - INFO - main.py:35 - Application starting up...
2026-01-09 21:11:09 - inventory_app - INFO - main.py:36 - Database URL: sqlite:///./inventory.db
2026-01-09 21:11:18 - inventory_app - INFO - main.py:40 - Application shutting down...
2026-01-09 21:11:20 - inventory_app - INFO - main.py:15 - Database tables created successfully
2026-01-09 21:11:21 - inventory_app - INFO - main.py:35 - Application starting up...
2026-01-09 21:11:21 - inventory_app - INFO - main.py:36 - Database URL: sqlite:///./inventory.db
2026-01-09 21:11:21 - inventory_app - INFO - sales.py:33 - Retrieved 5 sales
2026-01-09 21:11:21 - inventory_app - INFO - sales.py:33 - Retrieved 5 sales
2026-01-09 21:13:20 - inventory_app - INFO - items.py:57 - Retrieved 59 items
2026-01-09 21:13:39 - inventory_app - INFO - audit_logger.py:53 - Audit log created: UPDATE on items (ID: 1)
2026-01-09 21:13:39 - inventory_app - INFO - audit_logger.py:53 - Audit log created: INSERT on sales (ID: 6)
2026-01-09 21:13:39 - inventory_app - INFO - sales.py:137 - Created sale ID: 6, Total: ₹3000.00
2026-01-09 21:13:41 - inventory_app - INFO - sales.py:33 - Retrieved 6 sales
2026-01-09 21:13:41 - inventory_app - INFO - sales.py:33 - Retrieved 6 sales
2026-01-09 21:14:04 - inventory_app - INFO - sales.py:33 - Retrieved 6 sales
2026-01-09 21:14:04 - inventory_app - INFO - sales.py:33 - Retrieved 6 sales
2026-01-09 21:15:49 - inventory_app - INFO - main.py:40 - Application shutting down...
2026-01-09 21:15:50 - inventory_app - INFO - main.py:15 - Database tables created successfully
2026-01-09 21:15:56 - inventory_app - INFO - main.py:15 - Database tables created successfully
2026-01-09 21:15:56 - inventory_app - INFO - main.py:35 - Application starting up...
2026-01-09 21:15:56 - inventory_app - INFO - main.py:36 - Database URL: sqlite:///./inventory.db
2026-01-09 21:15:57 - inventory_app - INFO - main.py:40 - Application shutting down...
2026-01-09 21:15:58 - inventory_app - INFO - main.py:15 - Database tables created successfully
2026-01-09 21:15:59 - inventory_app - INFO - main.py:35 - Application starting up...
2026-01-09 21:15:59 - inventory_app - INFO - main.py:36 - Database URL: sqlite:///./inventory.db
2026-01-09 21:15:59 - inventory_app - INFO - main.py:40 - Application shutting down...
2026-01-09 21:16:01 - inventory_app - INFO - main.py:15 - Database tables created successfully
2026-01-09 21:16:01 - inventory_app - INFO - main.py:35 - Application starting up...
2026-01-09 21:16:01 - inventory_app - INFO - main.py:36 - Database URL: sqlite:///./inventory.db
2026-01-09 21:18:29 - inventory_app - INFO - main.py:40 - Application shutting down...
2026-01-09 21:18:38 - inventory_app - INFO - main.py:15 - Database tables created successfully
2026-01-09 21:18:38 - inventory_app - INFO - main.py:35 - Application starting up...
2026-01-09 21:18:38 - inventory_app - INFO - main.py:36 - Database URL: sqlite:///./inventory.db
2026-01-09 21:21:46 - inventory_app - INFO - items.py:113 - Found 4 low stock items
2026-01-09 21:21:46 - inventory_app - INFO - categories.py:23 - Retrieved 5 categories
2026-01-09 21:21:46 - inventory_app - INFO - items.py:113 - Found 4 low stock items
2026-01-09 21:21:46 - inventory_app - INFO - categories.py:23 - Retrieved 5 categories
2026-01-09 21:21:46 - inventory_app - INFO - items.py:57 - Retrieved 59 items
2026-01-09 21:21:46 - inventory_app - INFO - items.py:57 - Retrieved 59 items
2026-01-09 21:23:11 - inventory_app - INFO - categories.py:23 - Retrieved 5 categories
2026-01-09 21:23:11 - inventory_app - INFO - categories.py:23 - Retrieved 5 categories
2026-01-09 21:23:14 - inventory_app - INFO - qualities.py:27 - Retrieved 1 qualities
2026-01-09 21:23:14 - inventory_app - INFO - sizes.py:27 - Retrieved 6 sizes
2026-01-09 21:23:14 - inventory_app - INFO - qualities.py:27 - Retrieved 1 qualities
2026-01-09 21:23:14 - inventory_app - INFO - sizes.py:27 - Retrieved 6 sizes
2026-01-09 21:23:48 - inventory_app - INFO - categories.py:23 - Retrieved 5 categories
2026-01-09 21:23:48 - inventory_app - INFO - items.py:57 - Retrieved 59 items
2026-01-09 21:23:48 - inventory_app - INFO - categories.py:23 - Retrieved 5 categories
2026-01-09 21:23:48 - inventory_app - INFO - items.py:57 - Retrieved 59 items
2026-01-09 21:23:50 - inventory_app - INFO - categories.py:23 - Retrieved 5 categories
2026-01-09 21:24:04 - inventory_app - INFO - categories.py:23 - Retrieved 5 categories
2026-01-09 21:24:04 - inventory_app - INFO - categories.py:23 - Retrieved 5 categories
2026-01-09 21:24:06 - inventory_app - INFO - qualities.py:27 - Retrieved 5 qualities
2026-01-09 21:24:06 - inventory_app - INFO - sizes.py:27 - Retrieved 5 sizes
2026-01-09 21:24:06 - inventory_app - INFO - sizes.py:27 - Retrieved 5 sizes
2026-01-09 21:24:06 - inventory_app - INFO - qualities.py:27 - Retrieved 5 qualities
2026-01-09 21:24:11 - inventory_app - INFO - categories.py:23 - Retrieved 5 categories
2026-01-09 21:24:11 - inventory_app - INFO - categories.py:23 - Retrieved 5 categories
2026-01-09 21:24:13 - inventory_app - INFO - sizes.py:27 - Retrieved 6 sizes
2026-01-09 21:24:13 - inventory_app - INFO - qualities.py:27 - Retrieved 1 qualities
2026-01-09 21:24:13 - inventory_app - INFO - qualities.py:27 - Retrieved 1 qualities
2026-01-09 21:24:13 - inventory_app - INFO - sizes.py:27 - Retrieved 6 sizes
2026-01-09 21:24:28 - inventory_app - INFO - categories.py:23 - Retrieved 5 categories
2026-01-09 21:24:28 - inventory_app - INFO - items.py:57 - Retrieved 59 items
2026-01-09 21:24:28 - inventory_app - INFO - categories.py:23 - Retrieved 5 categories
2026-01-09 21:24:28 - inventory_app - INFO - items.py:57 - Retrieved 59 items
2026-01-09 21:24:31 - inventory_app - INFO - categories.py:23 - Retrieved 5 categories
2026-01-09 21:26:14 - inventory_app - INFO - categories.py:23 - Retrieved 5 categories
2026-01-09 21:26:14 - inventory_app - INFO - categories.py:23 - Retrieved 5 categories
2026-01-09 21:26:16 - inventory_app - INFO - sizes.py:27 - Retrieved 6 sizes
2026-01-09 21:26:16 - inventory_app - INFO - qualities.py:27 - Retrieved 1 qualities
2026-01-09 21:26:16 - inventory_app - INFO - sizes.py:27 - Retrieved 6 sizes
2026-01-09 21:26:16 - inventory_app - INFO - qualities.py:27 - Retrieved 1 qualities
2026-01-09 21:26:21 - inventory_app - INFO - categories.py:23 - Retrieved 5 categories
2026-01-09 21:26:21 - inventory_app - INFO - categories.py:23 - Retrieved 5 categories
2026-01-09 21:26:23 - inventory_app - INFO - qualities.py:27 - Retrieved 4 qualities
2026-01-09 21:26:23 - inventory_app - INFO - sizes.py:27 - Retrieved 6 sizes
2026-01-09 21:26:23 - inventory_app - INFO - qualities.py:27 - Retrieved 4 qualities
2026-01-09 21:26:23 - inventory_app - INFO - sizes.py:27 - Retrieved 6 sizes
2026-01-09 21:26:32 - inventory_app - INFO - categories.py:23 - Retrieved 5 categories
2026-01-09 21:26:32 - inventory_app - INFO - categories.py:23 - Retrieved 5 categories
2026-01-09 21:26:34 - inventory_app - INFO - qualities.py:27 - Retrieved 5 qualities
2026-01-09 21:26:34 - inventory_app - INFO - sizes.py:27 - Retrieved 5 sizes
2026-01-09 21:26:34 - inventory_app - INFO - qualities.py:27 - Retrieved 5 qualities
2026-01-09 21:26:34 - inventory_app - INFO - sizes.py:27 - Retrieved 5 sizes
2026-01-09 21:26:42 - inventory_app - INFO - categories.py:23 - Retrieved 5 categories
2026-01-09 21:26:42 - inventory_app - INFO - categories.py:23 - Retrieved 5 categories
2026-01-09 21:26:44 - inventory_app - INFO - qualities.py:27 - Retrieved 4 qualities
2026-01-09 21:26:44 - inventory_app - INFO - sizes.py:27 - Retrieved 6 sizes
2026-01-09 21:26:44 - inventory_app - INFO - qualities.py:27 - Retrieved 4 qualities
2026-01-09 21:26:44 - inventory_app - INFO - sizes.py:27 - Retrieved 6 sizes
2026-01-09 21:28:11 - inventory_app - INFO - sizes.py:27 - Retrieved 6 sizes
2026-01-09 21:28:11 - inventory_app - INFO - qualities.py:27 - Retrieved 4 qualities
2026-01-09 21:28:11 - inventory_app - INFO - sizes.py:27 - Retrieved 6 sizes
2026-01-09 21:28:11 - inventory_app - INFO - qualities.py:27 - Retrieved 4 qualities
2026-01-09 21:28:16 - inventory_app - INFO - categories.py:23 - Retrieved 5 categories
2026-01-09 21:28:16 - inventory_app - INFO - categories.py:23 - Retrieved 5 categories
2026-01-09 21:28:18 - inventory_app - INFO - qualities.py:27 - Retrieved 1 qualities
2026-01-09 21:28:18 - inventory_app - INFO - sizes.py:27 - Retrieved 6 sizes
2026-01-09 21:28:18 - inventory_app - INFO - qualities.py:27 - Retrieved 1 qualities
2026-01-09 21:28:18 - inventory_app - INFO - sizes.py:27 - Retrieved 6 sizes
2026-01-09 21:28:54 - inventory_app - INFO - categories.py:23 - Retrieved 5 categories
2026-01-09 21:28:54 - inventory_app - INFO - items.py:57 - Retrieved 59 items
2026-01-09 21:28:54 - inventory_app - INFO - categories.py:23 - Retrieved 5 categories
2026-01-09 21:28:54 - inventory_app - INFO - items.py:57 - Retrieved 59 items
2026-01-09 21:28:58 - inventory_app - INFO - categories.py:23 - Retrieved 5 categories
2026-01-09 21:29:40 - inventory_app - INFO - categories.py:23 - Retrieved 5 categories
2026-01-09 21:29:40 - inventory_app - INFO - items.py:113 - Found 4 low stock items
2026-01-09 21:29:40 - inventory_app - INFO - categories.py:23 - Retrieved 5 categories
2026-01-09 21:29:40 - inventory_app - INFO - items.py:113 - Found 4 low stock items
2026-01-09 21:29:40 - inventory_app - INFO - items.py:57 - Retrieved 59 items
2026-01-09 21:29:40 - inventory_app - INFO - items.py:57 - Retrieved 59 items
2026-01-09 21:31:02 - inventory_app - INFO - items.py:113 - Found 4 low stock items
2026-01-09 21:31:02 - inventory_app - INFO - categories.py:23 - Retrieved 5 categories
2026-01-09 21:31:02 - inventory_app - INFO - items.py:57 - Retrieved 59 items
2026-01-09 21:31:02 - inventory_app - INFO - items.py:113 - Found 4 low stock items
2026-01-09 21:31:02 - inventory_app - INFO - categories.py:23 - Retrieved 5 categories
2026-01-09 21:31:02 - inventory_app - INFO - items.py:57 - Retrieved 59 items
2026-01-09 21:32:44 - inventory_app - INFO - categories.py:23 - Retrieved 5 categories
2026-01-09 21:32:44 - inventory_app - INFO - items.py:113 - Found 4 low stock items
2026-01-09 21:32:44 - inventory_app - INFO - items.py:113 - Found 4 low stock items
2026-01-09 21:32:44 - inventory_app - INFO - categories.py:23 - Retrieved 5 categories
2026-01-09 21:32:44 - inventory_app - INFO - items.py:57 - Retrieved 59 items
2026-01-09 21:32:44 - inventory_app - INFO - items.py:57 - Retrieved 59 items
2026-01-09 21:32:48 - inventory_app - INFO - items.py:113 - Found 4 low stock items
2026-01-09 21:32:48 - inventory_app - INFO - categories.py:23 - Retrieved 5 categories
2026-01-09 21:32:48 - inventory_app - INFO - items.py:57 - Retrieved 59 items
2026-01-09 21:32:48 - inventory_app - INFO - items.py:113 - Found 4 low stock items
2026-01-09 21:32:48 - inventory_app - INFO - categories.py:23 - Retrieved 5 categories
2026-01-09 21:32:48 - inventory_app - INFO - items.py:57 - Retrieved 59 items
2026-01-09 21:34:03 - inventory_app - INFO - items.py:113 - Found 4 low stock items
2026-01-09 21:34:03 - inventory_app - INFO - categories.py:23 - Retrieved 5 categories
2026-01-09 21:34:03 - inventory_app - INFO - items.py:113 - Found 4 low stock items
2026-01-09 21:34:03 - inventory_app - INFO - categories.py:23 - Retrieved 5 categories
2026-01-09 21:34:03 - inventory_app - INFO - items.py:57 - Retrieved 59 items
2026-01-09 21:34:03 - inventory_app - INFO - items.py:57 - Retrieved 59 items
2026-01-09 21:35:45 - inventory_app - INFO - items.py:113 - Found 4 low stock items
2026-01-09 21:35:45 - inventory_app - INFO - categories.py:23 - Retrieved 5 categories
2026-01-09 21:35:45 - inventory_app - INFO - categories.py:23 - Retrieved 5 categories
2026-01-09 21:35:45 - inventory_app - INFO - items.py:113 - Found 4 low stock items
2026-01-09 21:35:45 - inventory_app - INFO - items.py:57 - Retrieved 59 items
2026-01-09 21:35:45 - inventory_app - INFO - items.py:57 - Retrieved 59 items
2026-01-09 21:35:46 - inventory_app - INFO - categories.py:23 - Retrieved 5 categories
2026-01-09 21:35:46 - inventory_app - INFO - items.py:113 - Found 4 low stock items
2026-01-09 21:35:46 - inventory_app - INFO - categories.py:23 - Retrieved 5 categories
2026-01-09 21:35:46 - inventory_app - INFO - items.py:113 - Found 4 low stock items
2026-01-09 21:35:46 - inventory_app - INFO - items.py:57 - Retrieved 59 items
2026-01-09 21:35:46 - inventory_app - INFO - items.py:57 - Retrieved 59 items
2026-01-09 21:35:46 - inventory_app - INFO - categories.py:23 - Retrieved 5 categories
2026-01-09 21:35:46 - inventory_app - INFO - items.py:113 - Found 4 low stock items
2026-01-09 21:35:46 - inventory_app - INFO - categories.py:23 - Retrieved 5 categories
2026-01-09 21:35:46 - inventory_app - INFO - items.py:113 - Found 4 low stock items
2026-01-09 21:35:46 - inventory_app - INFO - items.py:57 - Retrieved 59 items
2026-01-09 21:35:46 - inventory_app - INFO - items.py:57 - Retrieved 59 items
2026-01-09 21:35:47 - inventory_app - INFO - categories.py:23 - Retrieved 5 categories
2026-01-09 21:35:47 - inventory_app - INFO - items.py:113 - Found 4 low stock items
2026-01-09 21:35:47 - inventory_app - INFO - categories.py:23 - Retrieved 5 categories
2026-01-09 21:35:47 - inventory_app - INFO - items.py:113 - Found 4 low stock items
2026-01-09 21:35:47 - inventory_app - INFO - items.py:57 - Retrieved 59 items
2026-01-09 21:35:47 - inventory_app - INFO - items.py:57 - Retrieved 59 items
2026-01-09 21:35:47 - inventory_app - INFO - items.py:113 - Found 4 low stock items
2026-01-09 21:35:47 - inventory_app - INFO - categories.py:23 - Retrieved 5 categories
2026-01-09 21:35:47 - inventory_app - INFO - items.py:113 - Found 4 low stock items
2026-01-09 21:35:47 - inventory_app - INFO - items.py:57 - Retrieved 59 items
2026-01-09 21:35:47 - inventory_app - INFO - categories.py:23 - Retrieved 5 categories
2026-01-09 21:35:47 - inventory_app - INFO - items.py:57 - Retrieved 59 items
2026-01-09 21:35:47 - inventory_app - INFO - items.py:113 - Found 4 low stock items
2026-01-09 21:35:47 - inventory_app - INFO - categories.py:23 - Retrieved 5 categories
2026-01-09 21:35:47 - inventory_app - INFO - items.py:57 - Retrieved 59 items
2026-01-09 21:35:47 - inventory_app - INFO - categories.py:23 - Retrieved 5 categories
2026-01-09 21:35:47 - inventory_app - INFO - items.py:113 - Found 4 low stock items
2026-01-09 21:35:47 - inventory_app - INFO - items.py:57 - Retrieved 59 items
2026-01-09 21:35:47 - inventory_app - INFO - items.py:113 - Found 4 low stock items
2026-01-09 21:35:47 - inventory_app - INFO - categories.py:23 - Retrieved 5 categories
2026-01-09 21:35:47 - inventory_app - INFO - items.py:57 - Retrieved 59 items
2026-01-09 21:35:47 - inventory_app - INFO - categories.py:23 - Retrieved 5 categories
2026-01-09 21:35:47 - inventory_app - INFO - items.py:113 - Found 4 low stock items
2026-01-09 21:35:47 - inventory_app - INFO - items.py:57 - Retrieved 59 items
2026-01-09 21:35:47 - inventory_app - INFO - items.py:113 - Found 4 low stock items
2026-01-09 21:35:47 - inventory_app - INFO - categories.py:23 - Retrieved 5 categories
2026-01-09 21:35:47 - inventory_app - INFO - items.py:57 - Retrieved 59 items
2026-01-09 21:35:47 - inventory_app - INFO - items.py:113 - Found 4 low stock items
2026-01-09 21:35:47 - inventory_app - INFO - categories.py:23 - Retrieved 5 categories
2026-01-09 21:35:47 - inventory_app - INFO - items.py:57 - Retrieved 59 items
2026-01-09 21:35:47 - inventory_app - INFO - categories.py:23 - Retrieved 5 categories
2026-01-09 21:35:47 - inventory_app - INFO - items.py:113 - Found 4 low stock items
2026-01-09 21:35:47 - inventory_app - INFO - items.py:57 - Retrieved 59 items
2026-01-09 21:35:47 - inventory_app - INFO - categories.py:23 - Retrieved 5 categories
2026-01-09 21:35:47 - inventory_app - INFO - items.py:113 - Found 4 low stock items
2026-01-09 21:35:47 - inventory_app - INFO - items.py:57 - Retrieved 59 items
2026-01-09 21:35:47 - inventory_app - INFO - items.py:113 - Found 4 low stock items
2026-01-09 21:35:47 - inventory_app - INFO - categories.py:23 - Retrieved 5 categories
2026-01-09 21:35:47 - inventory_app - INFO - categories.py:23 - Retrieved 5 categories
2026-01-09 21:35:47 - inventory_app - INFO - items.py:113 - Found 4 low stock items
2026-01-09 21:35:47 - inventory_app - INFO - items.py:57 - Retrieved 59 items
2026-01-09 21:35:47 - inventory_app - INFO - items.py:57 - Retrieved 59 items
2026-01-09 21:35:48 - inventory_app - INFO - items.py:113 - Found 4 low stock items
2026-01-09 21:35:48 - inventory_app - INFO - categories.py:23 - Retrieved 5 categories
2026-01-09 21:35:48 - inventory_app - INFO - categories.py:23 - Retrieved 5 categories
2026-01-09 21:35:48 - inventory_app - INFO - items.py:113 - Found 4 low stock items
2026-01-09 21:35:48 - inventory_app - INFO - items.py:57 - Retrieved 59 items
2026-01-09 21:35:48 - inventory_app - INFO - items.py:57 - Retrieved 59 items
2026-01-09 21:35:48 - inventory_app - INFO - items.py:113 - Found 4 low stock items
2026-01-09 21:35:48 - inventory_app - INFO - categories.py:23 - Retrieved 5 categories
2026-01-09 21:35:48 - inventory_app - INFO - items.py:57 - Retrieved 59 items
2026-01-09 21:35:48 - inventory_app - INFO - items.py:113 - Found 4 low stock items
2026-01-09 21:35:48 - inventory_app - INFO - categories.py:23 - Retrieved 5 categories
2026-01-09 21:35:48 - inventory_app - INFO - items.py:57 - Retrieved 59 items
2026-01-09 21:35:48 - inventory_app - INFO - categories.py:23 - Retrieved 5 categories
2026-01-09 21:35:48 - inventory_app - INFO - items.py:113 - Found 4 low stock items
2026-01-09 21:35:48 - inventory_app - INFO - items.py:113 - Found 4 low stock items
2026-01-09 21:35:48 - inventory_app - INFO - categories.py:23 - Retrieved 5 categories
2026-01-09 21:35:48 - inventory_app - INFO - items.py:57 - Retrieved 59 items
2026-01-09 21:35:48 - inventory_app - INFO - items.py:57 - Retrieved 59 items
2026-01-09 21:35:48 - inventory_app - INFO - items.py:113 - Found 4 low stock items
2026-01-09 21:35:48 - inventory_app - INFO - categories.py:23 - Retrieved 5 categories
2026-01-09 21:35:48 - inventory_app - INFO - categories.py:23 - Retrieved 5 categories
2026-01-09 21:35:48 - inventory_app - INFO - items.py:113 - Found 4 low stock items
2026-01-09 21:35:48 - inventory_app - INFO - items.py:57 - Retrieved 59 items
2026-01-09 21:35:48 - inventory_app - INFO - items.py:57 - Retrieved 59 items
2026-01-09 21:35:48 - inventory_app - INFO - categories.py:23 - Retrieved 5 categories
2026-01-09 21:35:48 - inventory_app - INFO - items.py:113 - Found 4 low stock items
2026-01-09 21:35:48 - inventory_app - INFO - categories.py:23 - Retrieved 5 categories
2026-01-09 21:35:48 - inventory_app - INFO - items.py:113 - Found 4 low stock items
2026-01-09 21:35:48 - inventory_app - INFO - items.py:57 - Retrieved 59 items
2026-01-09 21:35:48 - inventory_app - INFO - items.py:57 - Retrieved 59 items
2026-01-09 21:35:48 - inventory_app - INFO - items.py:113 - Found 4 low stock items
2026-01-09 21:35:48 - inventory_app - INFO - categories.py:23 - Retrieved 5 categories
2026-01-09 21:35:48 - inventory_app - INFO - categories.py:23 - Retrieved 5 categories
2026-01-09 21:35:48 - inventory_app - INFO - items.py:113 - Found 4 low stock items
2026-01-09 21:35:48 - inventory_app - INFO - items.py:57 - Retrieved 59 items
2026-01-09 21:35:48 - inventory_app - INFO - items.py:57 - Retrieved 59 items
2026-01-09 21:35:48 - inventory_app - INFO - items.py:113 - Found 4 low stock items
2026-01-09 21:35:48 - inventory_app - INFO - categories.py:23 - Retrieved 5 categories
2026-01-09 21:35:48 - inventory_app - INFO - categories.py:23 - Retrieved 5 categories
2026-01-09 21:35:48 - inventory_app - INFO - items.py:113 - Found 4 low stock items
2026-01-09 21:35:48 - inventory_app - INFO - items.py:57 - Retrieved 59 items
2026-01-09 21:35:49 - inventory_app - INFO - items.py:57 - Retrieved 59 items
2026-01-09 21:35:49 - inventory_app - INFO - items.py:113 - Found 4 low stock items
2026-01-09 21:35:49 - inventory_app - INFO - categories.py:23 - Retrieved 5 categories
2026-01-09 21:35:49 - inventory_app - INFO - categories.py:23 - Retrieved 5 categories
2026-01-09 21:35:49 - inventory_app - INFO - items.py:113 - Found 4 low stock items
2026-01-09 21:35:49 - inventory_app - INFO - items.py:57 - Retrieved 59 items
2026-01-09 21:35:49 - inventory_app - INFO - items.py:57 - Retrieved 59 items
2026-01-09 21:35:49 - inventory_app - INFO - categories.py:23 - Retrieved 5 categories
2026-01-09 21:35:49 - inventory_app - INFO - items.py:113 - Found 4 low stock items
2026-01-09 21:35:49 - inventory_app - INFO - categories.py:23 - Retrieved 5 categories
2026-01-09 21:35:49 - inventory_app - INFO - items.py:113 - Found 4 low stock items
2026-01-09 21:35:49 - inventory_app - INFO - items.py:57 - Retrieved 59 items
2026-01-09 21:35:49 - inventory_app - INFO - items.py:57 - Retrieved 59 items
2026-01-09 21:35:49 - inventory_app - INFO - items.py:113 - Found 4 low stock items
2026-01-09 21:35:49 - inventory_app - INFO - categories.py:23 - Retrieved 5 categories
2026-01-09 21:35:49 - inventory_app - INFO - items.py:113 - Found 4 low stock items
2026-01-09 21:35:49 - inventory_app - INFO - items.py:57 - Retrieved 59 items
2026-01-09 21:35:49 - inventory_app - INFO - categories.py:23 - Retrieved 5 categories
2026-01-09 21:35:49 - inventory_app - INFO - items.py:57 - Retrieved 59 items
2026-01-09 21:36:27 - inventory_app - INFO - items.py:113 - Found 4 low stock items
2026-01-09 21:36:27 - inventory_app - INFO - items.py:113 - Found 4 low stock items
2026-01-09 21:36:27 - inventory_app - INFO - categories.py:23 - Retrieved 5 categories
2026-01-09 21:36:27 - inventory_app - INFO - categories.py:23 - Retrieved 5 categories
2026-01-09 21:36:27 - inventory_app - INFO - items.py:57 - Retrieved 59 items
2026-01-09 21:36:27 - inventory_app - INFO - items.py:57 - Retrieved 59 items
2026-01-09 21:38:47 - inventory_app - INFO - categories.py:23 - Retrieved 5 categories
2026-01-09 21:38:47 - inventory_app - INFO - categories.py:23 - Retrieved 5 categories
2026-01-09 21:38:50 - inventory_app - INFO - items.py:113 - Found 4 low stock items
2026-01-09 21:38:50 - inventory_app - INFO - categories.py:23 - Retrieved 5 categories
2026-01-09 21:38:50 - inventory_app - INFO - items.py:57 - Retrieved 59 items
2026-01-09 21:38:50 - inventory_app - INFO - items.py:113 - Found 4 low stock items
2026-01-09 21:38:50 - inventory_app - INFO - categories.py:23 - Retrieved 5 categories
2026-01-09 21:38:50 - inventory_app - INFO - items.py:57 - Retrieved 59 items
2026-01-09 21:39:31 - inventory_app - INFO - categories.py:23 - Retrieved 5 categories
2026-01-09 21:39:31 - inventory_app - INFO - items.py:113 - Found 4 low stock items
2026-01-09 21:39:31 - inventory_app - INFO - categories.py:23 - Retrieved 5 categories
2026-01-09 21:39:31 - inventory_app - INFO - items.py:113 - Found 4 low stock items
2026-01-09 21:39:31 - inventory_app - INFO - items.py:57 - Retrieved 59 items
2026-01-09 21:39:31 - inventory_app - INFO - items.py:57 - Retrieved 59 items
2026-01-09 21:41:04 - inventory_app - INFO - categories.py:23 - Retrieved 5 categories
2026-01-09 21:41:04 - inventory_app - INFO - categories.py:23 - Retrieved 5 categories
2026-01-09 21:41:04 - inventory_app - INFO - items.py:57 - Retrieved 59 items
2026-01-09 21:41:04 - inventory_app - INFO - items.py:57 - Retrieved 59 items
2026-01-09 21:41:09 - inventory_app - INFO - categories.py:23 - Retrieved 5 categories
2026-01-09 21:41:09 - inventory_app - INFO - categories.py:23 - Retrieved 5 categories
2026-01-09 21:41:13 - inventory_app - INFO - categories.py:23 - Retrieved 5 categories
2026-01-09 21:41:13 - inventory_app - INFO - categories.py:23 - Retrieved 5 categories
2026-01-09 21:41:15 - inventory_app - INFO - categories.py:23 - Retrieved 5 categories
2026-01-09 21:41:15 - inventory_app - INFO - categories.py:23 - Retrieved 5 categories
2026-01-09 21:41:17 - inventory_app - INFO - sizes.py:27 - Retrieved 6 sizes
2026-01-09 21:41:17 - inventory_app - INFO - qualities.py:27 - Retrieved 4 qualities
2026-01-09 21:41:17 - inventory_app - INFO - qualities.py:27 - Retrieved 4 qualities
2026-01-09 21:41:17 - inventory_app - INFO - sizes.py:27 - Retrieved 6 sizes
2026-01-09 21:41:28 - inventory_app - INFO - categories.py:23 - Retrieved 5 categories
2026-01-09 21:41:28 - inventory_app - INFO - categories.py:23 - Retrieved 5 categories
2026-01-09 21:41:38 - inventory_app - INFO - items.py:113 - Found 4 low stock items
2026-01-09 21:41:38 - inventory_app - INFO - categories.py:23 - Retrieved 5 categories
2026-01-09 21:41:38 - inventory_app - INFO - items.py:113 - Found 4 low stock items
2026-01-09 21:41:38 - inventory_app - INFO - categories.py:23 - Retrieved 5 categories
2026-01-09 21:41:38 - inventory_app - INFO - items.py:57 - Retrieved 59 items
2026-01-09 21:41:38 - inventory_app - INFO - items.py:57 - Retrieved 59 items
2026-01-09 21:43:57 - inventory_app - INFO - items.py:113 - Found 4 low stock items
2026-01-09 21:43:57 - inventory_app - INFO - items.py:113 - Found 4 low stock items
2026-01-09 21:44:04 - inventory_app - INFO - items.py:113 - Found 4 low stock items
2026-01-09 21:44:16 - inventory_app - INFO - items.py:113 - Found 4 low stock items
2026-01-09 21:44:16 - inventory_app - INFO - categories.py:23 - Retrieved 5 categories
2026-01-09 21:44:16 - inventory_app - INFO - items.py:113 - Found 4 low stock items
2026-01-09 21:44:16 - inventory_app - INFO - categories.py:23 - Retrieved 5 categories
2026-01-09 21:44:16 - inventory_app - INFO - items.py:57 - Retrieved 59 items
2026-01-09 21:44:16 - inventory_app - INFO - items.py:57 - Retrieved 59 items
2026-01-09 21:45:32 - inventory_app - INFO - items.py:113 - Found 4 low stock items
2026-01-09 21:45:32 - inventory_app - INFO - items.py:113 - Found 4 low stock items
2026-01-09 21:45:38 - inventory_app - INFO - items.py:113 - Found 4 low stock items
2026-01-09 21:45:45 - inventory_app - INFO - items.py:113 - Found 4 low stock items
2026-01-09 21:45:45 - inventory_app - INFO - items.py:57 - Retrieved 59 items
2026-01-09 21:45:45 - inventory_app - INFO - categories.py:23 - Retrieved 5 categories
2026-01-09 21:45:45 - inventory_app - INFO - items.py:113 - Found 4 low stock items
2026-01-09 21:45:45 - inventory_app - INFO - categories.py:23 - Retrieved 5 categories
2026-01-09 21:45:45 - inventory_app - INFO - items.py:57 - Retrieved 59 items
2026-01-09 21:45:46 - inventory_app - INFO - items.py:113 - Found 4 low stock items
2026-01-09 21:45:46 - inventory_app - INFO - items.py:113 - Found 4 low stock items
2026-01-09 21:45:49 - inventory_app - INFO - categories.py:23 - Retrieved 5 categories
2026-01-09 21:45:49 - inventory_app - INFO - items.py:113 - Found 4 low stock items
2026-01-09 21:45:49 - inventory_app - INFO - categories.py:23 - Retrieved 5 categories
2026-01-09 21:45:49 - inventory_app - INFO - items.py:57 - Retrieved 59 items
2026-01-09 21:45:49 - inventory_app - INFO - items.py:113 - Found 4 low stock items
2026-01-09 21:45:49 - inventory_app - INFO - items.py:57 - Retrieved 59 items
2026-01-09 21:47:25 - inventory_app - INFO - items.py:113 - Found 4 low stock items
2026-01-09 21:47:25 - inventory_app - INFO - categories.py:23 - Retrieved 5 categories
2026-01-09 21:47:25 - inventory_app - INFO - items.py:57 - Retrieved 59 items
